[提示]初始化...
[提示]第1次update所有人
[提示]第2次update所有人
第1次尝试找人安排座位
当前热图:
空座位:(1,1):0.27037037037037037
空座位:(1,2):0.22037037037037036
空座位:(1,3):0.22037037037037036
空座位:(1,4):0.46644880174291947
空座位:(1,5):0.38574704735695453
空座位:(1,6):0.21644880174291936
空座位:(1,7):0.42941176470588244
空座位:(2,1):0.5506734006734008
空座位:(2,2):0.25067340067340066
空座位:(2,3):0.3423400673400674
空座位:(2,4):0.5910500776599849
空座位:(2,5):0.5077167443266516
空座位:(2,6):0.34105007765998485
空座位:(2,7):0.5384184987126165
空座位:(3,1):0.6263814616755794
空座位:(3,2):0.3263814616755794
空座位:(3,3):0.5706797072896145
空座位:(3,4):0.4706797072896145
空座位:(3,5):1.1373463739562806
空座位:(3,6):0.4706797072896145
空座位:(4,1):0.743048128342246
空座位:(4,2):0.3013814616755794
空座位:(4,3):0.3013814616755794
空座位:(4,4):0.3540130406229478
空座位:(4,5):1.420679707289614
空座位:(4,6):0.3040130406229478
空座位:(5,1):0.8634184987126164
空座位:(5,2):0.38008516537928316
空座位:(5,3):1.4743834109933176
空座位:(5,4):0.6410500776599849
空座位:(5,5):0.9577167443266515
空座位:(5,6):0.34105007765998485
空座位:(5,7):0.5910500776599849
空座位:(6,1):0.7562756415697592
空座位:(6,2):0.522942308236426
空座位:(6,3):0.5646089749030927
空座位:(6,4):2.7839072205171274
空座位:(6,5):0.6005738871837945
空座位:(6,6):1.483907220517127
空座位:(6,7):0.6812756415697593
[提示]房莉婷的需求Instance of 'AbsoluteDemand'已被满足
[提示]房莉婷选定的位置不满足Instance of 'RelativeDemandWithSemiConfirm'（监听对象还未确定位置），拒绝接受座位
[提示]房莉婷选择的座位被Instance of 'RelativeDemandWithSemiConfirm'拒绝
房莉婷 暂时不想决定座位
房莉婷现在的压力值为1
[提示]韩凤阁的需求Instance of 'AbsoluteDemand'已被满足
[提示]韩凤阁的需求Instance of 'AbsoluteDemand'已被满足
[提示]韩凤阁的需求Instance of 'AbsoluteDemand'已被满足
[提示]韩凤阁的需求Instance of 'AbsoluteDemand'未被满足
[提示]韩凤阁的需求Instance of 'AbsoluteDemand'已被满足
[提示]韩凤阁的需求Instance of 'AbsoluteDemand'已被满足
[提示]韩凤阁选定的位置不满足Instance of 'RelativeDemandWithSemiConfirm'（监听对象还未确定位置），拒绝接受座位
[提示]韩凤阁选择的座位被Instance of 'RelativeDemandWithSemiConfirm'拒绝
韩凤阁 暂时不想决定座位
韩凤阁现在的压力值为1
[提示]文泽豪的需求Instance of 'AbsoluteDemand'已被满足
[提示]文泽豪的需求Instance of 'AbsoluteDemand'已被满足
[提示]文泽豪选定的位置不满足Instance of 'RelativeDemandWithSemiConfirm'（监听对象还未确定位置），拒绝接受座位
[提示]文泽豪选择的座位被Instance of 'RelativeDemandWithSemiConfirm'拒绝
文泽豪 暂时不想决定座位
文泽豪现在的压力值为1
[提示]曹柏圳的需求Instance of 'AbsoluteDemand'已被满足
[提示]曹柏圳的需求Instance of 'AbsoluteDemand'已被满足
[提示]曹柏圳的需求Instance of 'AbsoluteDemand'已被满足
曹柏圳 选定了座位：空座位:(6,4)
[提示]黄嘉如的相对需求Instance of 'RelativeDemandWithSemiConfirm'的目标个体已确定座位，监听响应
[提示]第1次update所有人
第2次尝试找人安排座位
当前热图:
空座位:(1,1):0.27435897435897433
空座位:(1,2):0.22435897435897434
空座位:(1,3):0.22435897435897434
空座位:(1,4):0.5546620046620047
空座位:(1,5):0.39355089355089357
空座位:(1,6):0.22132867132867132
空座位:(1,7):0.43286713286713296
空座位:(2,1):0.5556089743589744
空座位:(2,2):0.25560897435897434
空座位:(2,3):0.3490872352285396
空座位:(2,4):0.6849458210871254
空座位:(2,5):0.5182791544204588
空座位:(2,6):0.35161248775379217
空座位:(2,7):0.5460569321982366
空座位:(3,1):0.6307837995337996
空座位:(3,2):0.3307837995337996
空座位:(3,3):0.5909287270700315
空座位:(3,4):0.47981761595892036
空座位:(3,5):1.1464842826255865
空座位:(3,6):0.47981761595892036
空座位:(4,1):0.7474504662004662
空座位:(4,2):0.3187065048478092
空座位:(4,3):0.3187065048478092
空座位:(4,4):0.37426206040336485
空座位:(4,5):1.42981761595892
空座位:(4,6):0.3131509492922537
空座位:(5,1):0.869245337995338
空座位:(5,2):0.3970231157731158
空座位:(5,3):1.4960569321982362
空座位:(5,4):0.7460569321982365
空座位:(5,5):0.9682791544204588
空座位:(5,6):0.35161248775379217
空座位:(5,7):0.6016124877537922
空座位:(6,1):0.7859120046620047
空座位:(6,2):0.5636897824397825
空座位:(6,3):0.6071680433093477
空座位:(6,5):1.6349458210871253
空座位:(6,6):1.5182791544204586
空座位:(6,7):0.7127235988649032
[提示]房莉婷的需求Instance of 'AbsoluteDemand'已被满足
[提示]房莉婷选定的位置不满足Instance of 'RelativeDemandWithSemiConfirm'（监听对象还未确定位置），拒绝接受座位
[提示]房莉婷选择的座位被Instance of 'RelativeDemandWithSemiConfirm'拒绝
房莉婷 暂时不想决定座位
房莉婷现在的压力值为2
[提示]韩凤阁的需求Instance of 'AbsoluteDemand'已被满足
[提示]韩凤阁的需求Instance of 'AbsoluteDemand'已被满足
[提示]韩凤阁的需求Instance of 'AbsoluteDemand'已被满足
[提示]韩凤阁的需求Instance of 'AbsoluteDemand'未被满足
[提示]韩凤阁的需求Instance of 'AbsoluteDemand'已被满足
[提示]韩凤阁的需求Instance of 'AbsoluteDemand'已被满足
[提示]韩凤阁选定的位置不满足Instance of 'RelativeDemandWithSemiConfirm'（监听对象还未确定位置），拒绝接受座位
[提示]韩凤阁选择的座位被Instance of 'RelativeDemandWithSemiConfirm'拒绝
韩凤阁 暂时不想决定座位
韩凤阁现在的压力值为2
[提示]文泽豪的需求Instance of 'AbsoluteDemand'已被满足
[提示]文泽豪的需求Instance of 'AbsoluteDemand'已被满足
[提示]文泽豪选定的位置不满足Instance of 'RelativeDemandWithSemiConfirm'（监听对象还未确定位置），拒绝接受座位
[提示]文泽豪选择的座位被Instance of 'RelativeDemandWithSemiConfirm'拒绝
文泽豪 暂时不想决定座位
文泽豪现在的压力值为2
[提示]秦浩朗的需求Instance of 'AbsoluteDemand'已被满足
[提示]秦浩朗的需求Instance of 'AbsoluteDemand'已被满足
[提示]秦浩朗的需求Instance of 'AbsoluteDemand'已被满足
秦浩朗 选定了座位：空座位:(4,5)
[提示]文泽豪的相对需求Instance of 'RelativeDemandWithSemiConfirm'的目标个体已确定座位，监听响应
[提示]郑泽铭的相对需求Instance of 'RelativeDemandWithSemiConfirm'的目标个体已确定座位，监听响应
[提示]第1次update所有人
[提示]第2次update所有人
[提示]第3次update所有人
第3次尝试找人安排座位
当前热图:
空座位:(1,1):0.2770580296896086
空座位:(1,2):0.22705802968960861
空座位:(1,3):0.22705802968960861
空座位:(1,4):0.5583080296896085
空座位:(1,5):0.43379822576803995
空座位:(1,6):0.2249746963562753
空座位:(1,7):0.43651315789473677
空座位:(2,1):0.6426494275390708
空座位:(2,2):0.25931609420573765
空座位:(2,3):0.354770639660283
空座位:(2,4):0.6948441690720477
空座位:(2,5):0.5615108357387144
空座位:(2,6):0.36151083573871445
空座位:(2,7):0.5526873063269496
空座位:(3,1):0.7187712224108658
空座位:(3,2):0.33543788907753247
空座位:(3,3):0.6325731068009854
空座位:(3,4):0.48971596394384254
空座位:(3,5):1.189715963943843
空座位:(3,6):0.48971596394384254
空座位:(4,1):0.8354378890775324
空座位:(4,2):0.35708291072255405
空座位:(4,3):0.35708291072255405
空座位:(4,4):0.27304929727717603
空座位:(4,6):0.323049297277176
空座位:(5,1):0.6238994275390708
空座位:(5,2):0.43342323706288033
空座位:(5,3):1.537701311929191
空座位:(5,4):0.7877013119291905
空座位:(5,5):1.0115108357387144
空座位:(5,6):0.36151083573871445
空座位:(5,7):0.6115108357387143
空座位:(6,1):0.7905660942057375
空座位:(6,2):0.6000899037295471
空座位:(6,3):0.5026873063269497
空座位:(6,5):1.6781775024053815
空座位:(6,6):1.5281775024053816
空座位:(6,7):0.7193539729936163
[提示]房莉婷的需求Instance of 'AbsoluteDemand'已被满足
[提示]房莉婷选定的位置不满足Instance of 'RelativeDemandWithSemiConfirm'（监听对象还未确定位置），拒绝接受座位
[提示]房莉婷选择的座位被Instance of 'RelativeDemandWithSemiConfirm'拒绝
房莉婷 暂时不想决定座位
房莉婷现在的压力值为3
[提示]韩凤阁的需求Instance of 'AbsoluteDemand'已被满足
[提示]韩凤阁的需求Instance of 'AbsoluteDemand'已被满足
[提示]韩凤阁的需求Instance of 'AbsoluteDemand'已被满足
[提示]韩凤阁的需求Instance of 'AbsoluteDemand'未被满足
[提示]韩凤阁的需求Instance of 'AbsoluteDemand'已被满足
[提示]韩凤阁的需求Instance of 'AbsoluteDemand'已被满足
[提示]韩凤阁选定的位置不满足Instance of 'RelativeDemandWithSemiConfirm'（监听对象还未确定位置），拒绝接受座位
[提示]韩凤阁选择的座位被Instance of 'RelativeDemandWithSemiConfirm'拒绝
韩凤阁 暂时不想决定座位
韩凤阁现在的压力值为3
[提示]文泽豪的需求Instance of 'AbsoluteDemand'已被满足
[提示]文泽豪的需求Instance of 'AbsoluteDemand'已被满足
[提示]文泽豪的需求Instance of 'RelativeDemandWithSemiConfirm'已被满足
[提示]文泽豪的需求Instance of 'AbsoluteDemand'未被满足
[提示]文泽豪的需求Instance of 'AbsoluteDemand'已被满足
文泽豪 选定了座位：空座位:(6,5)
[提示]李金言的相对需求Instance of 'RelativeDemandWithSemiConfirm'的目标个体已确定座位，监听响应
[提示]第1次update所有人
第4次尝试找人安排座位
当前热图:
空座位:(1,1):0.28144144144144145
空座位:(1,2):0.23144144144144144
空座位:(1,3):0.23144144144144144
空座位:(1,4):0.5636995059575705
空座位:(1,5):0.49286617262423715
空座位:(1,6):0.23036617262423714
空座位:(1,7):0.44036617262423716
空座位:(2,1):0.6481081081081079
空座位:(2,2):0.26477477477477473
空座位:(2,3):0.3623938223938224
空座位:(2,4):0.7071518869099511
空座位:(2,5):0.6238185535766179
空座位:(2,6):0.3738185535766181
空座位:(2,7):0.5613185535766181
空座位:(3,1):0.7236995059575704
空座位:(3,2):0.34036617262423713
空座位:(3,3):0.6433423631004274
空座位:(3,4):0.5004852202432848
空座位:(3,5):1.2504852202432846
空座位:(3,6):0.5004852202432848
空座位:(4,1):0.8403661726242369
空座位:(4,2):0.3641756964337609
空座位:(4,3):0.3641756964337609
空座位:(4,4):0.28381855357661806
空座位:(4,6):0.3338185535766181
空座位:(5,1):0.6303661726242369
空座位:(5,2):0.43988998214804664
空座位:(5,3):1.550009029767094
空座位:(5,4):0.8000090297670941
空座位:(5,5):1.073818553576618
空座位:(5,6):0.3738185535766181
空座位:(5,7):0.6238185535766179
空座位:(6,1):0.8303661726242371
空座位:(6,2):0.6398899821480464
空座位:(6,3):0.5446518869099513
空座位:(6,6):1.573818553576618
空座位:(6,7):0.761318553576618
[提示]房莉婷的需求Instance of 'AbsoluteDemand'已被满足
[提示]房莉婷选定的位置不满足Instance of 'RelativeDemandWithSemiConfirm'（监听对象还未确定位置），拒绝接受座位
[提示]房莉婷选择的座位被Instance of 'RelativeDemandWithSemiConfirm'拒绝
房莉婷 暂时不想决定座位
房莉婷现在的压力值为4
[提示]韩凤阁的需求Instance of 'AbsoluteDemand'已被满足
[提示]韩凤阁的需求Instance of 'AbsoluteDemand'已被满足
[提示]韩凤阁的需求Instance of 'AbsoluteDemand'已被满足
[提示]韩凤阁的需求Instance of 'AbsoluteDemand'未被满足
[提示]韩凤阁的需求Instance of 'AbsoluteDemand'已被满足
[提示]韩凤阁的需求Instance of 'AbsoluteDemand'已被满足
[提示]韩凤阁选定的位置不满足Instance of 'RelativeDemandWithSemiConfirm'（监听对象还未确定位置），拒绝接受座位
[提示]韩凤阁选择的座位被Instance of 'RelativeDemandWithSemiConfirm'拒绝
韩凤阁 暂时不想决定座位
韩凤阁现在的压力值为4
[提示]郑泽铭的需求Instance of 'RelativeDemandWithSemiConfirm'已被满足
郑泽铭 选定了座位：空座位:(5,5)
[提示]单思远的相对需求Instance of 'RelativeDemandWithSemiConfirm'的目标个体已确定座位，监听响应
[提示]第1次update所有人
第5次尝试找人安排座位
当前热图:
空座位:(1,1):0.28611111111111115
空座位:(1,2):0.23611111111111116
空座位:(1,3):0.23611111111111116
空座位:(1,4):0.5694444444444444
空座位:(1,5):0.5194444444444445
空座位:(1,6):0.23611111111111116
空座位:(1,7):0.4444444444444445
空座位:(2,1):0.6539272030651341
空座位:(2,2):0.27059386973180083
空座位:(2,3):0.3705938697318008
空座位:(2,4):0.6539272030651341
空座位:(2,5):0.6539272030651341
空座位:(2,6):0.3205938697318008
空座位:(2,7):0.5705938697318008
空座位:(3,1):0.7289272030651341
空座位:(3,2):0.3455938697318008
空座位:(3,3):0.5884510125889436
空座位:(3,4):0.4455938697318008
空座位:(3,5):0.9039272030651342
空座位:(3,6):0.4455938697318008
空座位:(4,1):0.8455938697318007
空座位:(4,2):0.371784345922277
空座位:(4,3):0.371784345922277
空座位:(4,4):0.35392720306513414
空座位:(4,6):0.40392720306513413
空座位:(5,1):0.6372605363984675
空座位:(5,2):0.446784345922277
空座位:(5,3):1.6217843459222767
空座位:(5,4):0.8717843459222769
空座位:(5,6):0.4455938697318008
空座位:(5,7):0.6955938697318007
空座位:(6,1):0.8372605363984674
空座位:(6,2):0.646784345922277
空座位:(6,3):0.5539272030651341
空座位:(6,6):1.6455938697318007
空座位:(6,7):0.7705938697318008
[提示]房莉婷的需求Instance of 'AbsoluteDemand'已被满足
[提示]房莉婷选定的位置不满足Instance of 'RelativeDemandWithSemiConfirm'（监听对象还未确定位置），拒绝接受座位
[提示]房莉婷选择的座位被Instance of 'RelativeDemandWithSemiConfirm'拒绝
房莉婷 暂时不想决定座位
房莉婷现在的压力值为5
[提示]韩凤阁的需求Instance of 'AbsoluteDemand'已被满足
[提示]韩凤阁的需求Instance of 'AbsoluteDemand'已被满足
[提示]韩凤阁的需求Instance of 'AbsoluteDemand'已被满足
[提示]韩凤阁的需求Instance of 'AbsoluteDemand'未被满足
[提示]韩凤阁的需求Instance of 'AbsoluteDemand'已被满足
[提示]韩凤阁的需求Instance of 'AbsoluteDemand'已被满足
[提示]韩凤阁选定的位置不满足Instance of 'RelativeDemandWithSemiConfirm'（监听对象还未确定位置），拒绝接受座位
[提示]韩凤阁选择的座位被Instance of 'RelativeDemandWithSemiConfirm'拒绝
韩凤阁 暂时不想决定座位
韩凤阁现在的压力值为5
[提示]谭旭君选定的位置不满足Instance of 'RelativeDemandWithSemiConfirm'（监听对象还未确定位置），拒绝接受座位
[提示]谭旭君选择的座位被Instance of 'RelativeDemandWithSemiConfirm'拒绝
谭旭君 暂时不想决定座位
谭旭君现在的压力值为1
[提示]谢谦益的需求Instance of 'AbsoluteDemand'已被满足
[提示]谢谦益选定的位置不满足Instance of 'RelativeDemandWithSemiConfirm'（监听对象还未确定位置），拒绝接受座位
[提示]谢谦益选择的座位被Instance of 'RelativeDemandWithSemiConfirm'拒绝
谢谦益 暂时不想决定座位
谢谦益现在的压力值为1
[提示]李金言的需求Instance of 'AbsoluteDemand'已被满足
[提示]李金言的需求Instance of 'RelativeDemandWithSemiConfirm'已被满足
[提示]李金言的需求Instance of 'AbsoluteDemand'已被满足
[提示]李金言的需求Instance of 'AbsoluteDemand'已被满足
[提示]李金言的需求Instance of 'AbsoluteDemand'已被满足
[提示]李金言选定的位置不满足Instance of 'RelativeDemandWithSemiConfirm'（监听对象还未确定位置），拒绝接受座位
[提示]李金言选择的座位被Instance of 'RelativeDemandWithSemiConfirm'拒绝
李金言 暂时不想决定座位
李金言现在的压力值为1
[提示]古兆康选定的位置不满足Instance of 'RelativeDemandWithSemiConfirm'（监听对象还未确定位置），拒绝接受座位
[提示]古兆康选择的座位被Instance of 'RelativeDemandWithSemiConfirm'拒绝
古兆康 暂时不想决定座位
古兆康现在的压力值为1
[提示]林子越选定的位置不满足Instance of 'RelativeDemandWithSemiConfirm'（监听对象还未确定位置），拒绝接受座位
[提示]林子越选择的座位被Instance of 'RelativeDemandWithSemiConfirm'拒绝
林子越 暂时不想决定座位
林子越现在的压力值为1
[提示]王元元的需求Instance of 'AbsoluteDemand'已被满足
[提示]王元元选定的位置不满足Instance of 'RelativeDemandWithSemiConfirm'（监听对象还未确定位置），拒绝接受座位
[提示]王元元选择的座位被Instance of 'RelativeDemandWithSemiConfirm'拒绝
王元元 暂时不想决定座位
王元元现在的压力值为1
[提示]段星同的需求Instance of 'AbsoluteDemand'已被满足
段星同 选定了座位：空座位:(3,2)
[提示]第1次update所有人
[提示]第2次update所有人
[提示]第3次update所有人
第6次尝试找人安排座位
当前热图:
空座位:(1,1):0.2892857142857143
空座位:(1,2):0.23928571428571432
空座位:(1,3):0.23928571428571432
空座位:(1,4):0.573768472906404
空座位:(1,5):0.5237684729064039
空座位:(1,6):0.24043513957307067
空座位:(1,7):0.448768472906404
空座位:(2,1):0.6583333333333333
空座位:(2,2):0.275
空座位:(2,3):0.37500000000000006
空座位:(2,4):0.6594827586206896
空座位:(2,5):0.6594827586206896
空座位:(2,6):0.32614942528735635
空座位:(2,7):0.5761494252873564
空座位:(3,1):0.5678160919540229
空座位:(3,3):0.45114942528735635
空座位:(3,4):0.2844827586206897
空座位:(3,5):0.742816091954023
空座位:(3,6):0.2844827586206897
空座位:(4,1):0.8511494252873563
空座位:(4,2):0.40114942528735636
空座位:(4,3):0.40114942528735636
空座位:(4,4):0.3594827586206897
空座位:(4,6):0.40948275862068967
空座位:(5,1):0.642816091954023
空座位:(5,2):0.4761494252873564
空座位:(5,3):1.6511494252873562
空座位:(5,4):0.7344827586206896
空座位:(5,6):0.45114942528735635
空座位:(5,7):0.7011494252873562
空座位:(6,1):0.842816091954023
空座位:(6,2):0.6761494252873563
空座位:(6,3):0.5594827586206896
空座位:(6,6):1.6511494252873562
空座位:(6,7):0.7761494252873563
[提示]房莉婷的需求Instance of 'AbsoluteDemand'已被满足
[提示]房莉婷选定的位置本不满足Instance of 'RelativeDemandWithSemiConfirm'（监听对象还未确定位置），但迫于压力房莉婷只能先选择座位Closure: ({required Seat filteringSeat, required Seat relativeSeat, required Room room}) => bool
[提示]房莉婷的需求Instance of 'RelativeDemandWithSemiConfirm'未被满足
房莉婷 选定了座位：空座位:(6,6)
[提示]王元元的相对需求Instance of 'RelativeDemandWithSemiConfirm'的目标个体已确定座位，监听响应
[提示]第1次update所有人
第7次尝试找人安排座位
当前热图:
空座位:(1,1):0.29709023197379636
空座位:(1,2):0.244458653026428
空座位:(1,3):0.244458653026428
空座位:(1,4):0.5828045176880821
空座位:(1,5):0.5301729387407137
空座位:(1,6):0.2494711843547488
空座位:(1,7):0.45599292348518355
空座位:(2,1):0.6674606023441667
空座位:(2,2):0.28149569006346503
空座位:(2,3):0.3867588479582018
空座位:(2,4):0.6724731336724875
空座位:(2,5):0.6724731336724875
空座位:(2,6):0.33913980033915425
空座位:(2,7):0.5891398003391541
空座位:(3,1):0.5763632938555538
空座位:(3,3):0.46232820613625564
空座位:(3,4):0.295661539469589
空座位:(3,5):0.7718520156600651
空座位:(3,6):0.295661539469589
空座位:(4,1):0.8570650482415189
空座位:(4,2):0.4096966271888872
空座位:(4,3):0.4096966271888872
空座位:(4,4):0.38588710337936344
空座位:(4,6):0.43851868232673186
空座位:(5,1):0.650543309111084
空座位:(5,2):0.48387664244441736
空座位:(5,3):1.6793653642489281
空座位:(5,4):0.7626986975822619
空座位:(5,6):0.4819969431962971
空座位:(5,7):0.731996943196297
空座位:(6,1):0.900543309111084
空座位:(6,2):0.7338766424444173
空座位:(6,3):0.6198415547251191
空座位:(6,7):0.839139800339154
[提示]韩凤阁的需求Instance of 'AbsoluteDemand'已被满足
[提示]韩凤阁的需求Instance of 'AbsoluteDemand'已被满足
[提示]韩凤阁的需求Instance of 'AbsoluteDemand'已被满足
[提示]韩凤阁的需求Instance of 'AbsoluteDemand'未被满足
[提示]韩凤阁的需求Instance of 'AbsoluteDemand'已被满足
[提示]韩凤阁的需求Instance of 'AbsoluteDemand'已被满足
[提示]韩凤阁选定的位置本不满足Instance of 'RelativeDemandWithSemiConfirm'（监听对象还未确定位置），但迫于压力韩凤阁只能先选择座位Closure: ({required Seat filteringSeat, required Seat relativeSeat, required Room room}) => bool
[提示]韩凤阁的需求Instance of 'RelativeDemandWithSemiConfirm'已被满足
[提示]韩凤阁的需求Instance of 'AbsoluteDemand'已被满足
韩凤阁 选定了座位：空座位:(5,3)
[提示]古恩宇的相对需求Instance of 'RelativeDemandWithSemiConfirm'的目标个体已确定座位，监听响应
[提示]第1次update所有人
第8次尝试找人安排座位
当前热图:
空座位:(1,1):0.31020733652312593
空座位:(1,2):0.25757575757575757
空座位:(1,3):0.25757575757575757
空座位:(1,4):0.5896686159844053
空座位:(1,5):0.537037037037037
空座位:(1,6):0.25633528265107214
空座位:(1,7):0.46088073719652656
空座位:(2,1):0.6820022083179976
空座位:(2,2):0.296037296037296
空座位:(2,3):0.40422443054021995
空座位:(2,4):0.6836857100014992
空座位:(2,5):0.6836857100014992
空座位:(2,6):0.3503523766681661
空座位:(2,7):0.6003523766681661
空座位:(3,1):0.5826756089913984
空座位:(3,3):0.5048978312136206
空座位:(3,4):0.3048978312136207
空座位:(3,5):0.8048978312136206
空座位:(3,6):0.3048978312136207
空座位:(4,1):0.8633773633773631
空座位:(4,2):0.45226625226625217
空座位:(4,3):0.45226625226625217
空座位:(4,4):0.41893291893291884
空座位:(4,6):0.4715644978802873
空座位:(5,1):0.6664076664076664
空座位:(5,2):0.533074333074333
空座位:(5,4):0.7977207977207976
空座位:(5,6):0.5170190433348327
空座位:(5,7):0.7670190433348327
空座位:(6,1):0.9164076664076661
空座位:(6,2):0.7830743330743328
空座位:(6,3):0.6386298886298887
空座位:(6,7):0.850352376668166
[提示]谭旭君选定的位置不满足Instance of 'RelativeDemandWithSemiConfirm'（监听对象还未确定位置），拒绝接受座位
[提示]谭旭君选择的座位被Instance of 'RelativeDemandWithSemiConfirm'拒绝
谭旭君 暂时不想决定座位
谭旭君现在的压力值为2
[提示]谢谦益的需求Instance of 'AbsoluteDemand'已被满足
[提示]谢谦益选定的位置不满足Instance of 'RelativeDemandWithSemiConfirm'（监听对象还未确定位置），拒绝接受座位
[提示]谢谦益选择的座位被Instance of 'RelativeDemandWithSemiConfirm'拒绝
谢谦益 暂时不想决定座位
谢谦益现在的压力值为2
[提示]李金言的需求Instance of 'AbsoluteDemand'已被满足
[提示]李金言的需求Instance of 'RelativeDemandWithSemiConfirm'已被满足
[提示]李金言的需求Instance of 'AbsoluteDemand'已被满足
[提示]李金言的需求Instance of 'AbsoluteDemand'已被满足
[提示]李金言的需求Instance of 'AbsoluteDemand'已被满足
[提示]李金言选定的位置不满足Instance of 'RelativeDemandWithSemiConfirm'（监听对象还未确定位置），拒绝接受座位
[提示]李金言选择的座位被Instance of 'RelativeDemandWithSemiConfirm'拒绝
李金言 暂时不想决定座位
李金言现在的压力值为2
[提示]古兆康选定的位置不满足Instance of 'RelativeDemandWithSemiConfirm'（监听对象还未确定位置），拒绝接受座位
[提示]古兆康选择的座位被Instance of 'RelativeDemandWithSemiConfirm'拒绝
古兆康 暂时不想决定座位
古兆康现在的压力值为2
[提示]林子越选定的位置不满足Instance of 'RelativeDemandWithSemiConfirm'（监听对象还未确定位置），拒绝接受座位
[提示]林子越选择的座位被Instance of 'RelativeDemandWithSemiConfirm'拒绝
林子越 暂时不想决定座位
林子越现在的压力值为2
[提示]王元元的需求Instance of 'AbsoluteDemand'已被满足
[提示]王元元选定的位置不满足Instance of 'RelativeDemandWithSemiConfirm'（监听对象还未确定位置），拒绝接受座位
[提示]王元元选择的座位被Instance of 'RelativeDemandWithSemiConfirm'拒绝
王元元 暂时不想决定座位
王元元现在的压力值为2
[提示]古恩宇选定的位置不满足Instance of 'RelativeDemandWithSemiConfirm'（监听对象还未确定位置），拒绝接受座位
[提示]古恩宇选择的座位被Instance of 'RelativeDemandWithSemiConfirm'拒绝
古恩宇 暂时不想决定座位
古恩宇现在的压力值为1
[提示]单思远的需求Instance of 'RelativeDemandWithSemiConfirm'已被满足
单思远 选定了座位：空座位:(4,4)
[提示]第1次update所有人
[提示]第2次update所有人
[提示]第3次update所有人
第9次尝试找人安排座位
当前热图:
空座位:(1,1):0.31399521531100477
空座位:(1,2):0.26136363636363635
空座位:(1,3):0.26136363636363635
空座位:(1,4):0.5948809961967857
空座位:(1,5):0.5422494172494172
空座位:(1,6):0.2615476628634523
空座位:(1,7):0.4660931174089069
空座位:(2,1):0.6873285486443381
空座位:(2,2):0.3013636363636364
空座位:(2,3):0.41281874472276947
空座位:(2,4):0.6937045256085503
空座位:(2,5):0.6937045256085503
空座位:(2,6):0.3603711922752171
空座位:(2,7):0.6103711922752171
空座位:(3,1):0.5894264507422402
空座位:(3,3):0.6482499801540049
空座位:(3,4):0.31491664682067155
空座位:(3,5):0.6482499801540049
空座位:(3,6):0.31491664682067155
空座位:(4,1):0.8701282051282051
空座位:(4,2):0.5956184012066364
空座位:(4,3):0.2622850678733032
空座位:(4,6):0.31491664682067155
空座位:(5,1):0.6731585081585081
空座位:(5,2):0.3398251748251748
空座位:(5,4):0.641072946661182
空座位:(5,6):0.3603711922752171
空座位:(5,7):0.6103711922752171
空座位:(6,1):0.9231585081585081
空座位:(6,2):0.9231585081585081
空座位:(6,3):0.6486487042369395
空座位:(6,7):0.860371192275217
[提示]谭旭君选定的位置不满足Instance of 'RelativeDemandWithSemiConfirm'（监听对象还未确定位置），拒绝接受座位
[提示]谭旭君选择的座位被Instance of 'RelativeDemandWithSemiConfirm'拒绝
谭旭君 暂时不想决定座位
谭旭君现在的压力值为3
[提示]谢谦益的需求Instance of 'AbsoluteDemand'已被满足
[提示]谢谦益选定的位置不满足Instance of 'RelativeDemandWithSemiConfirm'（监听对象还未确定位置），拒绝接受座位
[提示]谢谦益选择的座位被Instance of 'RelativeDemandWithSemiConfirm'拒绝
谢谦益 暂时不想决定座位
谢谦益现在的压力值为3
[提示]李金言的需求Instance of 'AbsoluteDemand'已被满足
[提示]李金言的需求Instance of 'RelativeDemandWithSemiConfirm'已被满足
[提示]李金言的需求Instance of 'AbsoluteDemand'已被满足
[提示]李金言的需求Instance of 'AbsoluteDemand'已被满足
[提示]李金言的需求Instance of 'AbsoluteDemand'已被满足
[提示]李金言选定的位置不满足Instance of 'RelativeDemandWithSemiConfirm'（监听对象还未确定位置），拒绝接受座位
[提示]李金言选择的座位被Instance of 'RelativeDemandWithSemiConfirm'拒绝
李金言 暂时不想决定座位
李金言现在的压力值为3
[提示]古兆康选定的位置不满足Instance of 'RelativeDemandWithSemiConfirm'（监听对象还未确定位置），拒绝接受座位
[提示]古兆康选择的座位被Instance of 'RelativeDemandWithSemiConfirm'拒绝
古兆康 暂时不想决定座位
古兆康现在的压力值为3
[提示]古恩宇选定的位置不满足Instance of 'RelativeDemandWithSemiConfirm'（监听对象还未确定位置），拒绝接受座位
[提示]古恩宇选择的座位被Instance of 'RelativeDemandWithSemiConfirm'拒绝
古恩宇 暂时不想决定座位
古恩宇现在的压力值为2
[提示]林子越选定的位置不满足Instance of 'RelativeDemandWithSemiConfirm'（监听对象还未确定位置），拒绝接受座位
[提示]林子越选择的座位被Instance of 'RelativeDemandWithSemiConfirm'拒绝
林子越 暂时不想决定座位
林子越现在的压力值为3
[提示]王元元的需求Instance of 'AbsoluteDemand'已被满足
[提示]王元元选定的位置不满足Instance of 'RelativeDemandWithSemiConfirm'（监听对象还未确定位置），拒绝接受座位
[提示]王元元选择的座位被Instance of 'RelativeDemandWithSemiConfirm'拒绝
王元元 暂时不想决定座位
王元元现在的压力值为3
[提示]游欣的需求Instance of 'AbsoluteDemand'已被满足
[提示]游欣的需求Instance of 'AbsoluteDemand'已被满足
[提示]游欣的需求Instance of 'AbsoluteDemand'已被满足
[提示]游欣的需求Instance of 'AbsoluteDemand'已被满足
[提示]游欣的需求Instance of 'AbsoluteDemand'已被满足
[提示]游欣的需求Instance of 'AbsoluteDemand'已被满足
[提示]游欣选定的位置不满足Instance of 'RelativeDemandWithSemiConfirm'（监听对象还未确定位置），拒绝接受座位
[提示]游欣选择的座位被Instance of 'RelativeDemandWithSemiConfirm'拒绝
游欣 暂时不想决定座位
游欣现在的压力值为1
[提示]孙江坤的需求Instance of 'AbsoluteDemand'已被满足
[提示]孙江坤的需求Instance of 'AbsoluteDemand'已被满足
孙江坤 选定了座位：空座位:(4,3)
[提示]第1次update所有人
第10次尝试找人安排座位
当前热图:
空座位:(1,1):0.31802747337552084
空座位:(1,2):0.2653958944281525
空座位:(1,3):0.2653958944281525
空座位:(1,4):0.6004517157997632
空座位:(1,5):0.5478201368523948
空座位:(1,6):0.26711838246643
空座位:(1,7):0.4716638370118844
空座位:(2,1):0.6930274733755207
空座位:(2,2):0.3070625610948191
空座位:(2,3):0.35969414004218747
空座位:(2,4):0.6421183824664299
空座位:(2,5):0.6421183824664299
空座位:(2,6):0.3087850491330967
空座位:(2,7):0.5587850491330966
空座位:(3,1):0.5966638370118844
空座位:(3,3):0.5966638370118844
空座位:(3,4):0.2633305036785512
空座位:(3,5):0.5966638370118844
空座位:(3,6):0.2633305036785512
空座位:(4,1):0.8773655913978493
空座位:(4,2):0.544032258064516
空座位:(4,6):0.2633305036785512
空座位:(5,1):0.6803958944281524
空座位:(5,2):0.34706256109481903
空座位:(5,4):0.5894868035190615
空座位:(5,6):0.3087850491330967
空座位:(5,7):0.5587850491330966
空座位:(6,1):0.9303958944281523
空座位:(6,2):0.9303958944281523
空座位:(6,3):0.5970625610948191
空座位:(6,7):0.8087850491330965
[提示]谭旭君选定的位置不满足Instance of 'RelativeDemandWithSemiConfirm'（监听对象还未确定位置），拒绝接受座位
[提示]谭旭君选择的座位被Instance of 'RelativeDemandWithSemiConfirm'拒绝
谭旭君 暂时不想决定座位
谭旭君现在的压力值为4
[提示]谢谦益的需求Instance of 'AbsoluteDemand'已被满足
[提示]谢谦益选定的位置不满足Instance of 'RelativeDemandWithSemiConfirm'（监听对象还未确定位置），拒绝接受座位
[提示]谢谦益选择的座位被Instance of 'RelativeDemandWithSemiConfirm'拒绝
谢谦益 暂时不想决定座位
谢谦益现在的压力值为4
[提示]李金言的需求Instance of 'AbsoluteDemand'已被满足
[提示]李金言的需求Instance of 'RelativeDemandWithSemiConfirm'已被满足
[提示]李金言的需求Instance of 'AbsoluteDemand'已被满足
[提示]李金言的需求Instance of 'AbsoluteDemand'已被满足
[提示]李金言的需求Instance of 'AbsoluteDemand'已被满足
[提示]李金言选定的位置不满足Instance of 'RelativeDemandWithSemiConfirm'（监听对象还未确定位置），拒绝接受座位
[提示]李金言选择的座位被Instance of 'RelativeDemandWithSemiConfirm'拒绝
李金言 暂时不想决定座位
李金言现在的压力值为4
[提示]古兆康选定的位置不满足Instance of 'RelativeDemandWithSemiConfirm'（监听对象还未确定位置），拒绝接受座位
[提示]古兆康选择的座位被Instance of 'RelativeDemandWithSemiConfirm'拒绝
古兆康 暂时不想决定座位
古兆康现在的压力值为4
[提示]古恩宇选定的位置不满足Instance of 'RelativeDemandWithSemiConfirm'（监听对象还未确定位置），拒绝接受座位
[提示]古恩宇选择的座位被Instance of 'RelativeDemandWithSemiConfirm'拒绝
古恩宇 暂时不想决定座位
古恩宇现在的压力值为3
[提示]林子越选定的位置不满足Instance of 'RelativeDemandWithSemiConfirm'（监听对象还未确定位置），拒绝接受座位
[提示]林子越选择的座位被Instance of 'RelativeDemandWithSemiConfirm'拒绝
林子越 暂时不想决定座位
林子越现在的压力值为4
[提示]王元元的需求Instance of 'AbsoluteDemand'已被满足
[提示]王元元选定的位置不满足Instance of 'RelativeDemandWithSemiConfirm'（监听对象还未确定位置），拒绝接受座位
[提示]王元元选择的座位被Instance of 'RelativeDemandWithSemiConfirm'拒绝
王元元 暂时不想决定座位
王元元现在的压力值为4
[提示]游欣的需求Instance of 'AbsoluteDemand'已被满足
[提示]游欣的需求Instance of 'AbsoluteDemand'已被满足
[提示]游欣的需求Instance of 'AbsoluteDemand'已被满足
[提示]游欣的需求Instance of 'AbsoluteDemand'已被满足
[提示]游欣的需求Instance of 'AbsoluteDemand'已被满足
[提示]游欣的需求Instance of 'AbsoluteDemand'已被满足
[提示]游欣选定的位置不满足Instance of 'RelativeDemandWithSemiConfirm'（监听对象还未确定位置），拒绝接受座位
[提示]游欣选择的座位被Instance of 'RelativeDemandWithSemiConfirm'拒绝
游欣 暂时不想决定座位
游欣现在的压力值为2
[提示]黄嘉如的需求Instance of 'AbsoluteDemand'已被满足
[提示]黄嘉如的需求Instance of 'AbsoluteDemand'已被满足
[提示]黄嘉如的需求Instance of 'AbsoluteDemand'已被满足
[提示]黄嘉如的需求Instance of 'AbsoluteDemand'已被满足
[提示]黄嘉如的需求Instance of 'AbsoluteDemand'已被满足
[提示]黄嘉如的需求Instance of 'RelativeDemandWithSemiConfirm'已被满足
[提示]黄嘉如的需求Instance of 'AbsoluteDemand'已被满足
黄嘉如 选定了座位：空座位:(3,6)
[提示]古兆康的相对需求Instance of 'RelativeDemandWithSemiConfirm'的目标个体已确定座位，监听响应
[提示]第1次update所有人
[提示]第2次update所有人
[提示]第3次update所有人
第11次尝试找人安排座位
当前热图:
空座位:(1,1):0.26969696969696966
空座位:(1,2):0.26969696969696966
空座位:(1,3):0.26969696969696966
空座位:(1,4):0.5537878787878788
空座位:(1,5):0.5537878787878788
空座位:(1,6):0.22045454545454543
空座位:(1,7):0.425
空座位:(2,1):0.6465085638998682
空座位:(2,2):0.3131752305665349
空座位:(2,3):0.3131752305665349
空座位:(2,4):0.597266139657444
空座位:(2,5):0.597266139657444
空座位:(2,6):0.26393280632411065
空座位:(2,7):0.5139328063241108
空座位:(3,1):0.5518115942028986
空座位:(3,3):0.7184782608695651
空座位:(3,4):0.21847826086956518
空座位:(3,5):0.5518115942028986
空座位:(4,1):0.8851449275362318
空座位:(4,2):0.21847826086956518
空座位:(4,6):0.21847826086956518
空座位:(5,1):0.6881752305665348
空座位:(5,2):0.35484189723320153
空座位:(5,4):0.597266139657444
空座位:(5,6):0.26393280632411065
空座位:(5,7):0.5139328063241108
空座位:(6,1):0.9381752305665347
空座位:(6,2):1.104841897233202
空座位:(6,3):0.6048418972332017
空座位:(6,7):0.7639328063241105
[提示]古恩宇选定的位置不满足Instance of 'RelativeDemandWithSemiConfirm'（监听对象还未确定位置），拒绝接受座位
[提示]古恩宇选择的座位被Instance of 'RelativeDemandWithSemiConfirm'拒绝
古恩宇 暂时不想决定座位
古恩宇现在的压力值为4
[提示]谭旭君选定的位置不满足Instance of 'RelativeDemandWithSemiConfirm'（监听对象还未确定位置），拒绝接受座位
[提示]谭旭君选择的座位被Instance of 'RelativeDemandWithSemiConfirm'拒绝
谭旭君 暂时不想决定座位
谭旭君现在的压力值为5
[提示]谢谦益的需求Instance of 'AbsoluteDemand'已被满足
[提示]谢谦益选定的位置不满足Instance of 'RelativeDemandWithSemiConfirm'（监听对象还未确定位置），拒绝接受座位
[提示]谢谦益选择的座位被Instance of 'RelativeDemandWithSemiConfirm'拒绝
谢谦益 暂时不想决定座位
谢谦益现在的压力值为5
[提示]李金言的需求Instance of 'AbsoluteDemand'已被满足
[提示]李金言的需求Instance of 'RelativeDemandWithSemiConfirm'已被满足
[提示]李金言的需求Instance of 'AbsoluteDemand'已被满足
[提示]李金言的需求Instance of 'AbsoluteDemand'已被满足
[提示]李金言的需求Instance of 'AbsoluteDemand'已被满足
[提示]李金言选定的位置不满足Instance of 'RelativeDemandWithSemiConfirm'（监听对象还未确定位置），拒绝接受座位
[提示]李金言选择的座位被Instance of 'RelativeDemandWithSemiConfirm'拒绝
李金言 暂时不想决定座位
李金言现在的压力值为5
[提示]古兆康选定的位置不满足Instance of 'RelativeDemandWithSemiConfirm'（监听对象还未确定位置），拒绝接受座位
[提示]古兆康选择的座位被Instance of 'RelativeDemandWithSemiConfirm'拒绝
古兆康 暂时不想决定座位
古兆康现在的压力值为5
[提示]游欣的需求Instance of 'AbsoluteDemand'已被满足
[提示]游欣的需求Instance of 'AbsoluteDemand'已被满足
[提示]游欣的需求Instance of 'AbsoluteDemand'已被满足
[提示]游欣的需求Instance of 'AbsoluteDemand'已被满足
[提示]游欣的需求Instance of 'AbsoluteDemand'已被满足
[提示]游欣的需求Instance of 'AbsoluteDemand'已被满足
[提示]游欣选定的位置不满足Instance of 'RelativeDemandWithSemiConfirm'（监听对象还未确定位置），拒绝接受座位
[提示]游欣选择的座位被Instance of 'RelativeDemandWithSemiConfirm'拒绝
游欣 暂时不想决定座位
游欣现在的压力值为3
[提示]林子越选定的位置不满足Instance of 'RelativeDemandWithSemiConfirm'（监听对象还未确定位置），拒绝接受座位
[提示]林子越选择的座位被Instance of 'RelativeDemandWithSemiConfirm'拒绝
林子越 暂时不想决定座位
林子越现在的压力值为5
[提示]王元元的需求Instance of 'AbsoluteDemand'已被满足
[提示]王元元选定的位置不满足Instance of 'RelativeDemandWithSemiConfirm'（监听对象还未确定位置），拒绝接受座位
[提示]王元元选择的座位被Instance of 'RelativeDemandWithSemiConfirm'拒绝
王元元 暂时不想决定座位
王元元现在的压力值为5
[提示]王铭晟的需求Instance of 'AbsoluteDemand'未被满足
[提示]王铭晟选定的位置不满足Instance of 'RelativeDemandWithSemiConfirm'（监听对象还未确定位置），拒绝接受座位
[提示]王铭晟选择的座位被Instance of 'RelativeDemandWithSemiConfirm'拒绝
王铭晟 暂时不想决定座位
王铭晟现在的压力值为1
[提示]周晗选定的位置不满足Instance of 'RelativeDemandWithSemiConfirm'（监听对象还未确定位置），拒绝接受座位
[提示]周晗选择的座位被Instance of 'RelativeDemandWithSemiConfirm'拒绝
周晗 暂时不想决定座位
周晗现在的压力值为1
[提示]覃莹的需求Instance of 'AbsoluteDemand'已被满足
[提示]覃莹选定的位置不满足Instance of 'RelativeDemandWithSemiConfirm'（监听对象还未确定位置），拒绝接受座位
[提示]覃莹选择的座位被Instance of 'RelativeDemandWithSemiConfirm'拒绝
覃莹 暂时不想决定座位
覃莹现在的压力值为1
[提示]陈霞的需求Instance of 'AbsoluteDemand'已被满足
陈霞 选定了座位：空座位:(4,2)
[提示]谭旭君的相对需求Instance of 'RelativeDemandWithSemiConfirm'的目标个体已确定座位，监听响应
[提示]第1次update所有人
第12次尝试找人安排座位
当前热图:
空座位:(1,1):0.23981191222570536
空座位:(1,2):0.23981191222570536
空座位:(1,3):0.23981191222570536
空座位:(1,4):0.5257144155195129
空座位:(1,5):0.5257144155195129
空座位:(1,6):0.19238108218617966
空座位:(1,7):0.3969265367316342
空座位:(2,1):0.618599791013584
空座位:(2,2):0.28526645768025083
空座位:(2,3):0.28526645768025083
空座位:(2,4):0.5711689609740583
空座位:(2,5):0.5711689609740583
空座位:(2,6):0.23783562764072513
空座位:(2,7):0.48783562764072513
空座位:(3,1):0.5257144155195129
空座位:(3,3):0.6923810821861794
空座位:(3,4):0.19238108218617966
空座位:(3,5):0.5257144155195129
空座位:(4,1):0.5257144155195129
空座位:(4,6):0.19238108218617966
空座位:(5,1):1.328744718549816
空座位:(5,2):0.328744718549816
空座位:(5,4):0.5711689609740583
空座位:(5,6):0.23783562764072513
空座位:(5,7):0.48783562764072513
空座位:(6,1):0.578744718549816
空座位:(6,2):1.0787447185498158
空座位:(6,3):0.578744718549816
空座位:(6,7):0.7378356276407252
[提示]谭旭君的需求Instance of 'RelativeDemandWithSemiConfirm'已被满足
[提示]谭旭君选定的位置本不满足Instance of 'RelativeDemandWithSemiConfirm'（监听对象还未确定位置），但迫于压力谭旭君只能先选择座位Closure: ({required Seat filteringSeat, required Seat relativeSeat, required Room room}) => bool
[提示]谭旭君的需求Instance of 'RelativeDemandWithSemiConfirm'已被满足
[提示]谭旭君选定的位置本不满足Instance of 'RelativeDemandWithSemiConfirm'（监听对象还未确定位置），但迫于压力谭旭君只能先选择座位Closure: ({required Seat filteringSeat, required Seat relativeSeat, required Room room}) => bool
[提示]谭旭君的需求Instance of 'RelativeDemandWithSemiConfirm'已被满足
[提示]谭旭君的需求Instance of 'AbsoluteDemand'已被满足
[提示]谭旭君的需求Instance of 'AbsoluteDemand'已被满足
[提示]谭旭君的需求Instance of 'AbsoluteDemand'已被满足
[提示]谭旭君的需求Instance of 'AbsoluteDemand'已被满足
[提示]谭旭君的需求Instance of 'AbsoluteDemand'已被满足
谭旭君 选定了座位：空座位:(5,1)
[提示]周奥灵的相对需求Instance of 'RelativeDemandWithSemiConfirm'的目标个体已确定座位，监听响应
[提示]曾可的相对需求Instance of 'RelativeDemandWithSemiConfirm'的目标个体已确定座位，监听响应
[提示]第1次update所有人
[提示]第2次update所有人
第13次尝试找人安排座位
当前热图:
空座位:(1,1):0.25476190476190474
空座位:(1,2):0.25476190476190474
空座位:(1,3):0.25476190476190474
空座位:(1,4):0.5335497835497836
空座位:(1,5):0.5335497835497836
空座位:(1,6):0.20021645021645018
空座位:(1,7):0.4025974025974026
空座位:(2,1):0.6357142857142857
空座位:(2,2):0.30238095238095236
空座位:(2,3):0.30238095238095236
空座位:(2,4):0.5811688311688311
空座位:(2,5):0.5811688311688311
空座位:(2,6):0.2478354978354978
空座位:(2,7):0.4978354978354978
空座位:(3,1):0.5335497835497836
空座位:(3,3):0.7002164502164502
空座位:(3,4):0.20021645021645018
空座位:(3,5):0.5335497835497836
空座位:(4,1):0.5335497835497836
空座位:(4,6):0.20021645021645018
空座位:(5,2):0.3478354978354978
空座位:(5,4):0.5811688311688311
空座位:(5,6):0.2478354978354978
空座位:(5,7):0.4978354978354978
空座位:(6,1):0.5978354978354978
空座位:(6,2):1.0978354978354976
空座位:(6,3):0.5978354978354978
空座位:(6,7):0.7478354978354977
[提示]古恩宇选定的位置不满足Instance of 'RelativeDemandWithSemiConfirm'（监听对象还未确定位置），拒绝接受座位
[提示]古恩宇选择的座位被Instance of 'RelativeDemandWithSemiConfirm'拒绝
古恩宇 暂时不想决定座位
古恩宇现在的压力值为5
[提示]谢谦益的需求Instance of 'AbsoluteDemand'已被满足
[提示]谢谦益选定的位置本不满足Instance of 'RelativeDemandWithSemiConfirm'（监听对象还未确定位置），但迫于压力谢谦益只能先选择座位Closure: ({required Seat filteringSeat, required Seat relativeSeat, required Room room}) => bool
[提示]谢谦益的需求Instance of 'RelativeDemandWithSemiConfirm'已被满足
谢谦益 选定了座位：空座位:(1,4)
[提示]李金言的相对需求Instance of 'RelativeDemandWithSemiConfirm'的目标个体已确定座位，监听响应
[提示]田敏德的相对需求Instance of 'RelativeDemandWithSemiConfirm'的目标个体已确定座位，监听响应
[提示]第1次update所有人
第14次尝试找人安排座位
当前热图:
空座位:(1,1):0.2611111111111111
空座位:(1,2):0.2611111111111111
空座位:(1,3):0.2611111111111111
空座位:(1,5):0.5420634920634919
空座位:(1,6):0.2087301587301587
空座位:(1,7):0.4087301587301587
空座位:(2,1):0.642063492063492
空座位:(2,2):0.30873015873015874
空座位:(2,3):0.30873015873015874
空座位:(2,4):0.2563492063492063
空座位:(2,5):0.5896825396825396
空座位:(2,6):0.2563492063492063
空座位:(2,7):0.5063492063492063
空座位:(3,1):0.5396825396825395
空座位:(3,3):0.7063492063492063
空座位:(3,4):0.20634920634920634
空座位:(3,5):0.5396825396825395
空座位:(4,1):0.5396825396825395
空座位:(4,6):0.20634920634920634
空座位:(5,2):0.35634920634920636
空座位:(5,4):0.2563492063492063
空座位:(5,6):0.2563492063492063
空座位:(5,7):0.5063492063492063
空座位:(6,1):0.6063492063492064
空座位:(6,2):1.1063492063492062
空座位:(6,3):0.6063492063492064
空座位:(6,7):0.7563492063492063
[提示]古恩宇选定的位置本不满足Instance of 'RelativeDemandWithSemiConfirm'（监听对象还未确定位置），但迫于压力古恩宇只能先选择座位Closure: ({required Seat filteringSeat, required Seat relativeSeat, required Room room}) => bool
[提示]古恩宇的需求Instance of 'RelativeDemandWithSemiConfirm'已被满足
[提示]古恩宇的需求Instance of 'AbsoluteDemand'已被满足
[提示]古恩宇的需求Instance of 'RelativeDemandWithSemiConfirm'已被满足
[提示]古恩宇的需求Instance of 'AbsoluteDemand'已被满足
古恩宇 选定了座位：空座位:(3,3)
[提示]覃莹的相对需求Instance of 'RelativeDemandWithSemiConfirm'的目标个体已确定座位，监听响应
[提示]钟元彪的相对需求Instance of 'RelativeDemandWithSemiConfirm'的目标个体已确定座位，监听响应
[提示]第1次update所有人
第15次尝试找人安排座位
当前热图:
空座位:(1,1):0.26538461538461544
空座位:(1,2):0.26538461538461544
空座位:(1,3):0.26538461538461544
空座位:(1,5):0.5487179487179487
空座位:(1,6):0.2153846153846154
空座位:(1,7):0.41538461538461535
空座位:(2,1):0.6487179487179486
空座位:(2,2):0.3153846153846154
空座位:(2,3):0.3153846153846154
空座位:(2,4):0.26538461538461544
空座位:(2,5):0.5987179487179486
空座位:(2,6):0.26538461538461544
空座位:(2,7):0.5153846153846154
空座位:(3,1):0.5487179487179487
空座位:(3,4):0.2153846153846154
空座位:(3,5):0.5487179487179487
空座位:(4,1):0.5487179487179487
空座位:(4,6):0.2153846153846154
空座位:(5,2):0.3653846153846153
空座位:(5,4):0.26538461538461544
空座位:(5,6):0.26538461538461544
空座位:(5,7):0.5153846153846154
空座位:(6,1):0.6153846153846153
空座位:(6,2):0.6153846153846153
空座位:(6,3):0.6153846153846153
空座位:(6,7):0.7653846153846154
[提示]李金言的需求Instance of 'AbsoluteDemand'已被满足
[提示]李金言的需求Instance of 'RelativeDemandWithSemiConfirm'已被满足
[提示]李金言的需求Instance of 'AbsoluteDemand'已被满足
[提示]李金言的需求Instance of 'AbsoluteDemand'已被满足
[提示]李金言的需求Instance of 'AbsoluteDemand'已被满足
[提示]李金言的需求Instance of 'RelativeDemandWithSemiConfirm'未被满足
[提示]李金言的需求Instance of 'AbsoluteDemand'已被满足
[提示]李金言选定的位置本不满足Instance of 'RelativeDemandWithSemiConfirm'（监听对象还未确定位置），但迫于压力李金言只能先选择座位Closure: ({required Seat filteringSeat, required Seat relativeSeat, required Room room}) => bool
[提示]李金言的需求Instance of 'RelativeDemandWithSemiConfirm'已被满足
[提示]李金言选定的位置本不满足Instance of 'RelativeDemandWithSemiConfirm'（监听对象还未确定位置），但迫于压力李金言只能先选择座位Closure: ({required Seat filteringSeat, required Seat relativeSeat, required Room room}) => bool
[提示]李金言的需求Instance of 'RelativeDemandWithSemiConfirm'已被满足
李金言 选定了座位：空座位:(4,1)
[提示]第1次update所有人
第16次尝试找人安排座位
当前热图:
空座位:(1,1):0.27
空座位:(1,2):0.27
空座位:(1,3):0.27
空座位:(1,5):0.5559649122807018
空座位:(1,6):0.22263157894736843
空座位:(1,7):0.42263157894736847
空座位:(2,1):0.32263157894736844
空座位:(2,2):0.32263157894736844
空座位:(2,3):0.32263157894736844
空座位:(2,4):0.2752631578947368
空座位:(2,5):0.6085964912280702
空座位:(2,6):0.2752631578947368
空座位:(2,7):0.5252631578947369
空座位:(3,1):0.22526315789473686
空座位:(3,4):0.22526315789473686
空座位:(3,5):0.5585964912280702
空座位:(4,6):0.22526315789473686
空座位:(5,2):0.3752631578947368
空座位:(5,4):0.2752631578947368
空座位:(5,6):0.2752631578947368
空座位:(5,7):0.5252631578947369
空座位:(6,1):0.6252631578947367
空座位:(6,2):0.6252631578947367
空座位:(6,3):0.6252631578947367
空座位:(6,7):0.7752631578947369
[提示]古兆康选定的位置本不满足Instance of 'RelativeDemandWithSemiConfirm'（监听对象还未确定位置），但迫于压力古兆康只能先选择座位Closure: ({required Seat filteringSeat, required Seat relativeSeat, required Room room}) => bool
[提示]古兆康的需求Instance of 'RelativeDemandWithSemiConfirm'已被满足
[提示]古兆康的需求Instance of 'AbsoluteDemand'已被满足
[提示]古兆康的需求Instance of 'RelativeDemandWithSemiConfirm'已被满足
[提示]古兆康的需求Instance of 'AbsoluteDemand'已被满足
[提示]古兆康的需求Instance of 'AbsoluteDemand'已被满足
[提示]古兆康的需求Instance of 'AbsoluteDemand'已被满足
[提示]古兆康的需求Instance of 'AbsoluteDemand'已被满足
古兆康 选定了座位：空座位:(1,5)
[提示]覃莹的相对需求Instance of 'RelativeDemandWithSemiConfirm'的目标个体已确定座位，监听响应
[提示]雷利的相对需求Instance of 'RelativeDemandWithSemiConfirm'的目标个体已确定座位，监听响应
[提示]第1次update所有人
第17次尝试找人安排座位
当前热图:
空座位:(1,1):0.2776315789473684
空座位:(1,2):0.2776315789473684
空座位:(1,3):0.2776315789473684
空座位:(1,6):0.23318713450292394
空座位:(1,7):0.4305555555555555
空座位:(2,1):0.33026315789473687
空座位:(2,2):0.33026315789473687
空座位:(2,3):0.33026315789473687
空座位:(2,4):0.28581871345029236
空座位:(2,5):0.28581871345029236
空座位:(2,6):0.28581871345029236
空座位:(2,7):0.5358187134502923
空座位:(3,1):0.23318713450292394
空座位:(3,4):0.23318713450292394
空座位:(3,5):0.23318713450292394
空座位:(4,6):0.23318713450292394
空座位:(5,2):0.38581871345029245
空座位:(5,4):0.28581871345029236
空座位:(5,6):0.28581871345029236
空座位:(5,7):0.5358187134502923
空座位:(6,1):0.6358187134502924
空座位:(6,2):0.6358187134502924
空座位:(6,3):0.6358187134502924
空座位:(6,7):0.7858187134502923
[提示]游欣的需求Instance of 'AbsoluteDemand'已被满足
[提示]游欣的需求Instance of 'AbsoluteDemand'已被满足
[提示]游欣的需求Instance of 'AbsoluteDemand'已被满足
[提示]游欣的需求Instance of 'AbsoluteDemand'已被满足
[提示]游欣的需求Instance of 'AbsoluteDemand'已被满足
[提示]游欣的需求Instance of 'AbsoluteDemand'已被满足
[提示]游欣选定的位置不满足Instance of 'RelativeDemandWithSemiConfirm'（监听对象还未确定位置），拒绝接受座位
[提示]游欣选择的座位被Instance of 'RelativeDemandWithSemiConfirm'拒绝
游欣 暂时不想决定座位
游欣现在的压力值为4
[提示]覃莹的需求Instance of 'AbsoluteDemand'已被满足
[提示]覃莹选定的位置不满足Instance of 'RelativeDemandWithSemiConfirm'（监听对象还未确定位置），拒绝接受座位
[提示]覃莹选择的座位被Instance of 'RelativeDemandWithSemiConfirm'拒绝
覃莹 暂时不想决定座位
覃莹现在的压力值为2
[提示]周晗选定的位置不满足Instance of 'RelativeDemandWithSemiConfirm'（监听对象还未确定位置），拒绝接受座位
[提示]周晗选择的座位被Instance of 'RelativeDemandWithSemiConfirm'拒绝
周晗 暂时不想决定座位
周晗现在的压力值为2
[提示]王铭晟的需求Instance of 'AbsoluteDemand'未被满足
[提示]王铭晟选定的位置不满足Instance of 'RelativeDemandWithSemiConfirm'（监听对象还未确定位置），拒绝接受座位
[提示]王铭晟选择的座位被Instance of 'RelativeDemandWithSemiConfirm'拒绝
王铭晟 暂时不想决定座位
王铭晟现在的压力值为2
利宇涛 选定了座位：空座位:(3,5)
[提示]覃莹的相对需求Instance of 'RelativeDemandWithSemiConfirm'的目标个体已确定座位，监听响应
[提示]第1次update所有人
第18次尝试找人安排座位
当前热图:
空座位:(1,1):0.28306636155606407
空座位:(1,2):0.28306636155606407
空座位:(1,3):0.28306636155606407
空座位:(1,6):0.24188989096782876
空座位:(1,7):0.4392583120204604
空座位:(2,1):0.3386219171116196
空座位:(2,2):0.3386219171116196
空座位:(2,3):0.3386219171116196
空座位:(2,4):0.29744544652338434
空座位:(2,5):0.29744544652338434
空座位:(2,6):0.29744544652338434
空座位:(2,7):0.5474454465233843
空座位:(3,1):0.24481386757601592
空座位:(3,4):0.24481386757601592
空座位:(4,6):0.24481386757601592
空座位:(5,2):0.3974454465233843
空座位:(5,4):0.29744544652338434
空座位:(5,6):0.29744544652338434
空座位:(5,7):0.5474454465233843
空座位:(6,1):0.6474454465233843
空座位:(6,2):0.6474454465233843
空座位:(6,3):0.6474454465233843
空座位:(6,7):0.7974454465233843
[提示]覃莹的需求Instance of 'AbsoluteDemand'已被满足
[提示]覃莹选定的位置不满足Instance of 'RelativeDemandWithSemiConfirm'（监听对象还未确定位置），拒绝接受座位
[提示]覃莹选择的座位被Instance of 'RelativeDemandWithSemiConfirm'拒绝
覃莹 暂时不想决定座位
覃莹现在的压力值为3
[提示]周晗选定的位置不满足Instance of 'RelativeDemandWithSemiConfirm'（监听对象还未确定位置），拒绝接受座位
[提示]周晗选择的座位被Instance of 'RelativeDemandWithSemiConfirm'拒绝
周晗 暂时不想决定座位
周晗现在的压力值为3
[提示]王铭晟的需求Instance of 'AbsoluteDemand'未被满足
[提示]王铭晟选定的位置不满足Instance of 'RelativeDemandWithSemiConfirm'（监听对象还未确定位置），拒绝接受座位
[提示]王铭晟选择的座位被Instance of 'RelativeDemandWithSemiConfirm'拒绝
王铭晟 暂时不想决定座位
王铭晟现在的压力值为3
[提示]王枫睿选定的位置不满足Instance of 'RelativeDemandWithSemiConfirm'（监听对象还未确定位置），拒绝接受座位
[提示]王枫睿选择的座位被Instance of 'RelativeDemandWithSemiConfirm'拒绝
王枫睿 暂时不想决定座位
王枫睿现在的压力值为1
[提示]陈维钧的需求Instance of 'AbsoluteDemand'未被满足
陈维钧 选定了座位：空座位:(1,6)
[提示]第1次update所有人
第19次尝试找人安排座位
当前热图:
空座位:(1,1):0.2919191919191919
空座位:(1,2):0.2919191919191919
空座位:(1,3):0.2919191919191919
空座位:(1,7):0.44886363636363635
空座位:(2,1):0.3474747474747475
空座位:(2,2):0.3474747474747475
空座位:(2,3):0.3474747474747475
空座位:(2,4):0.3099747474747475
空座位:(2,5):0.3099747474747475
空座位:(2,6):0.3099747474747475
空座位:(2,7):0.5599747474747475
空座位:(3,1):0.25441919191919193
空座位:(3,4):0.25441919191919193
空座位:(4,6):0.25441919191919193
空座位:(5,2):0.4099747474747475
空座位:(5,4):0.3099747474747475
空座位:(5,6):0.3099747474747475
空座位:(5,7):0.5599747474747475
空座位:(6,1):0.6599747474747475
空座位:(6,2):0.6599747474747475
空座位:(6,3):0.6599747474747475
空座位:(6,7):0.8099747474747475
[提示]朱志涛的需求Instance of 'AbsoluteDemand'已被满足
[提示]朱志涛的需求Instance of 'AbsoluteDemand'已被满足
[提示]朱志涛选定的位置不满足Instance of 'RelativeDemandWithSemiConfirm'（监听对象还未确定位置），拒绝接受座位
[提示]朱志涛选择的座位被Instance of 'RelativeDemandWithSemiConfirm'拒绝
朱志涛 暂时不想决定座位
朱志涛现在的压力值为1
[提示]尤静宜的需求Instance of 'AbsoluteDemand'已被满足
[提示]尤静宜的需求Instance of 'AbsoluteDemand'已被满足
尤静宜 选定了座位：空座位:(3,1)
[提示]冉懋鑫的相对需求Instance of 'RelativeDemandWithSemiConfirm'的目标个体已确定座位，监听响应
[提示]第1次update所有人
第20次尝试找人安排座位
当前热图:
空座位:(1,1):0.2507936507936508
空座位:(1,2):0.2507936507936508
空座位:(1,3):0.2507936507936508
空座位:(1,7):0.4119047619047619
空座位:(2,1):0.3096171802054155
空座位:(2,2):0.3096171802054155
空座位:(2,3):0.3096171802054155
空座位:(2,4):0.2762838468720822
空座位:(2,5):0.2762838468720822
空座位:(2,6):0.2762838468720822
空座位:(2,7):0.5262838468720822
空座位:(3,4):0.2207282913165266
空座位:(4,6):0.2207282913165266
空座位:(5,2):0.37628384687208216
空座位:(5,4):0.2762838468720822
空座位:(5,6):0.2762838468720822
空座位:(5,7):0.5262838468720822
空座位:(6,1):0.6262838468720822
空座位:(6,2):0.6262838468720822
空座位:(6,3):0.6262838468720822
空座位:(6,7):0.7762838468720822
[提示]阮丽颖的需求Instance of 'AbsoluteDemand'已被满足
[提示]阮丽颖选定的位置不满足Instance of 'RelativeDemandWithSemiConfirm'（监听对象还未确定位置），拒绝接受座位
[提示]阮丽颖选择的座位被Instance of 'RelativeDemandWithSemiConfirm'拒绝
阮丽颖 暂时不想决定座位
阮丽颖现在的压力值为1
[提示]冼郸的需求Instance of 'AbsoluteDemand'已被满足
冼郸 选定了座位：空座位:(3,4)
[提示]周晗的相对需求Instance of 'RelativeDemandWithSemiConfirm'的目标个体已确定座位，监听响应
[提示]王铭晟的相对需求Instance of 'RelativeDemandWithSemiConfirm'的目标个体已确定座位，监听响应
[提示]第1次update所有人
第21次尝试找人安排座位
当前热图:
空座位:(1,1):0.20555555555555555
空座位:(1,2):0.20555555555555555
空座位:(1,3):0.20555555555555555
空座位:(1,7):0.37142857142857144
空座位:(2,1):0.20555555555555555
空座位:(2,2):0.20555555555555555
空座位:(2,3):0.20555555555555555
空座位:(2,4):0.17698412698412697
空座位:(2,5):0.17698412698412697
空座位:(2,6):0.17698412698412697
空座位:(2,7):0.42698412698412697
空座位:(4,6):1.1214285714285714
空座位:(5,2):0.276984126984127
空座位:(5,4):0.17698412698412697
空座位:(5,6):0.17698412698412697
空座位:(5,7):0.42698412698412697
空座位:(6,1):0.526984126984127
空座位:(6,2):0.526984126984127
空座位:(6,3):0.526984126984127
空座位:(6,7):0.676984126984127
[提示]周晗的需求Instance of 'RelativeDemandWithSemiConfirm'已被满足
周晗 选定了座位：空座位:(4,6)
[提示]第1次update所有人
第22次尝试找人安排座位
当前热图:
空座位:(1,1):0.20818713450292398
空座位:(1,2):0.20818713450292398
空座位:(1,3):0.20818713450292398
空座位:(1,7):0.37955465587044535
空座位:(2,1):0.20818713450292398
空座位:(2,2):0.20818713450292398
空座位:(2,3):0.20818713450292398
空座位:(2,4):0.1851102114260009
空座位:(2,5):0.1851102114260009
空座位:(2,6):0.1851102114260009
空座位:(2,7):0.4351102114260009
空座位:(5,2):0.2851102114260009
空座位:(5,4):0.1851102114260009
空座位:(5,6):0.1851102114260009
空座位:(5,7):0.4351102114260009
空座位:(6,1):0.5351102114260009
空座位:(6,2):0.5351102114260009
空座位:(6,3):0.5351102114260009
空座位:(6,7):0.6851102114260009
[提示]周奥灵的需求Instance of 'AbsoluteDemand'未被满足
[提示]周奥灵的需求Instance of 'AbsoluteDemand'已被满足
[提示]周奥灵的需求Instance of 'RelativeDemandWithSemiConfirm'已被满足
周奥灵 选定了座位：空座位:(2,5)
[提示]第1次update所有人
第23次尝试找人安排座位
当前热图:
空座位:(1,1):0.21437908496732028
空座位:(1,2):0.21437908496732028
空座位:(1,3):0.21437908496732028
空座位:(1,7):0.3888888888888889
空座位:(2,1):0.21437908496732028
空座位:(2,2):0.21437908496732028
空座位:(2,3):0.21437908496732028
空座位:(2,4):0.19771241830065361
空座位:(2,6):0.19771241830065361
空座位:(2,7):0.4477124183006536
空座位:(5,2):0.29771241830065365
空座位:(5,4):0.19771241830065361
空座位:(5,6):0.19771241830065361
空座位:(5,7):0.4477124183006536
空座位:(6,1):0.5477124183006536
空座位:(6,2):0.5477124183006536
空座位:(6,3):0.5477124183006536
空座位:(6,7):0.6977124183006536
李锐涛 选定了座位：空座位:(2,6)
[提示]阮丽颖的相对需求Instance of 'RelativeDemandWithSemiConfirm'的目标个体已确定座位，监听响应
[提示]第1次update所有人
第24次尝试找人安排座位
当前热图:
空座位:(1,1):0.2213235294117647
空座位:(1,2):0.2213235294117647
空座位:(1,3):0.2213235294117647
空座位:(1,7):0.3997326203208556
空座位:(2,1):0.2213235294117647
空座位:(2,2):0.2213235294117647
空座位:(2,3):0.2213235294117647
空座位:(2,4):0.2122326203208556
空座位:(2,7):0.4622326203208556
空座位:(5,2):0.31223262032085564
空座位:(5,4):0.2122326203208556
空座位:(5,6):0.2122326203208556
空座位:(5,7):0.4622326203208556
空座位:(6,1):0.5622326203208556
空座位:(6,2):0.5622326203208556
空座位:(6,3):0.5622326203208556
空座位:(6,7):0.7122326203208555
张宝怡 选定了座位：空座位:(5,6)
[提示]钟元彪的相对需求Instance of 'RelativeDemandWithSemiConfirm'的目标个体已确定座位，监听响应
[提示]游欣的相对需求Instance of 'RelativeDemandWithSemiConfirm'的目标个体已确定座位，监听响应
[提示]王元元的相对需求Instance of 'RelativeDemandWithSemiConfirm'的目标个体已确定座位，监听响应
[提示]第1次update所有人
第25次尝试找人安排座位
当前热图:
空座位:(1,1):0.22916666666666666
空座位:(1,2):0.22916666666666666
空座位:(1,3):0.22916666666666666
空座位:(1,7):0.4125
空座位:(2,1):0.22916666666666666
空座位:(2,2):0.22916666666666666
空座位:(2,3):0.22916666666666666
空座位:(2,4):0.22916666666666669
空座位:(2,7):0.4791666666666667
空座位:(5,2):0.3291666666666667
空座位:(5,4):0.22916666666666669
空座位:(5,7):0.4791666666666667
空座位:(6,1):0.5791666666666667
空座位:(6,2):0.5791666666666667
空座位:(6,3):0.5791666666666667
空座位:(6,7):0.7291666666666667
陈子伶 选定了座位：空座位:(2,3)
[提示]第1次update所有人
第26次尝试找人安排座位
当前热图:
空座位:(1,1):0.2492063492063492
空座位:(1,2):0.2492063492063492
空座位:(1,3):0.2492063492063492
空座位:(1,7):0.4166666666666667
空座位:(2,1):0.2492063492063492
空座位:(2,2):0.2492063492063492
空座位:(2,4):0.2380952380952381
空座位:(2,7):0.48809523809523814
空座位:(5,2):0.3492063492063492
空座位:(5,4):0.2380952380952381
空座位:(5,7):0.48809523809523814
空座位:(6,1):0.5992063492063492
空座位:(6,2):0.5992063492063492
空座位:(6,3):0.5992063492063492
空座位:(6,7):0.7380952380952381
[提示]冉懋鑫的需求Instance of 'AbsoluteDemand'已被满足
[提示]冉懋鑫的需求Instance of 'AbsoluteDemand'已被满足
[提示]冉懋鑫的需求Instance of 'RelativeDemandWithSemiConfirm'未被满足
[提示]冉懋鑫的需求Instance of 'AbsoluteDemand'已被满足
[提示]冉懋鑫的需求Instance of 'AbsoluteDemand'已被满足
[提示]冉懋鑫的需求Instance of 'AbsoluteDemand'已被满足
[提示]冉懋鑫的需求Instance of 'AbsoluteDemand'已被满足
[提示]冉懋鑫选定的位置不满足Instance of 'RelativeDemandWithSemiConfirm'（监听对象还未确定位置），拒绝接受座位
[提示]冉懋鑫选择的座位被Instance of 'RelativeDemandWithSemiConfirm'拒绝
冉懋鑫 暂时不想决定座位
冉懋鑫现在的压力值为1
[提示]曾可的需求Instance of 'AbsoluteDemand'已被满足
[提示]曾可的需求Instance of 'RelativeDemandWithSemiConfirm'已被满足
[提示]曾可选定的位置不满足Instance of 'RelativeDemandWithSemiConfirm'（监听对象还未确定位置），拒绝接受座位
[提示]曾可选择的座位被Instance of 'RelativeDemandWithSemiConfirm'拒绝
曾可 暂时不想决定座位
曾可现在的压力值为1
[提示]邱建华的需求Instance of 'AbsoluteDemand'已被满足
邱建华 选定了座位：空座位:(2,4)
[提示]第1次update所有人
第27次尝试找人安排座位
当前热图:
空座位:(1,1):0.18803418803418803
空座位:(1,2):0.18803418803418803
空座位:(1,3):0.18803418803418803
空座位:(1,7):0.3611111111111111
空座位:(2,1):0.18803418803418803
空座位:(2,2):0.18803418803418803
空座位:(2,7):0.43803418803418803
空座位:(5,2):0.29914529914529914
空座位:(5,4):0.18803418803418803
空座位:(5,7):0.43803418803418803
空座位:(6,1):0.5491452991452992
空座位:(6,2):0.5491452991452992
空座位:(6,3):0.5491452991452992
空座位:(6,7):0.688034188034188
[提示]雷利的需求Instance of 'AbsoluteDemand'已被满足
[提示]雷利的需求Instance of 'RelativeDemandWithSemiConfirm'已被满足
雷利 选定了座位：空座位:(2,2)
[提示]第1次update所有人
第28次尝试找人安排座位
当前热图:
空座位:(1,1):0.20833333333333331
空座位:(1,2):0.20833333333333331
空座位:(1,3):0.20833333333333331
空座位:(1,7):0.3611111111111111
空座位:(2,1):0.20833333333333331
空座位:(2,7):0.4444444444444444
空座位:(5,2):0.3194444444444444
空座位:(5,4):0.19444444444444442
空座位:(5,7):0.4444444444444444
空座位:(6,1):0.5694444444444444
空座位:(6,2):0.5694444444444444
空座位:(6,3):0.5694444444444444
空座位:(6,7):0.6944444444444444
[提示]田敏德的需求Instance of 'AbsoluteDemand'已被满足
[提示]田敏德的需求Instance of 'RelativeDemandWithSemiConfirm'已被满足
田敏德 选定了座位：空座位:(5,4)
[提示]冉懋鑫的相对需求Instance of 'RelativeDemandWithSemiConfirm'的目标个体已确定座位，监听响应
[提示]第1次update所有人
第29次尝试找人安排座位
当前热图:
空座位:(1,1):0.2159090909090909
空座位:(1,2):0.2159090909090909
空座位:(1,3):0.2159090909090909
空座位:(1,7):0.375
空座位:(2,1):0.2159090909090909
空座位:(2,7):0.46590909090909094
空座位:(5,2):0.34090909090909094
空座位:(5,7):0.46590909090909094
空座位:(6,1):0.5909090909090909
空座位:(6,2):0.5909090909090909
空座位:(6,3):0.5909090909090909
空座位:(6,7):0.7159090909090909
[提示]钟元彪的需求Instance of 'AbsoluteDemand'已被满足
[提示]钟元彪的需求Instance of 'AbsoluteDemand'已被满足
[提示]钟元彪的需求Instance of 'RelativeDemandWithSemiConfirm'已被满足
[提示]钟元彪的需求Instance of 'RelativeDemandWithSemiConfirm'已被满足
[提示]钟元彪选定的位置不满足Instance of 'RelativeDemandWithSemiConfirm'（监听对象还未确定位置），拒绝接受座位
[提示]钟元彪选择的座位被Instance of 'RelativeDemandWithSemiConfirm'拒绝
钟元彪 暂时不想决定座位
钟元彪现在的压力值为1
罗云媛 选定了座位：空座位:(1,2)
[提示]钟元彪的相对需求Instance of 'RelativeDemandWithSemiConfirm'的目标个体已确定座位，监听响应
[提示]第1次update所有人
第30次尝试找人安排座位
当前热图:
空座位:(1,1):0.24285714285714285
空座位:(1,3):0.24285714285714285
空座位:(1,7):0.375
空座位:(2,1):0.24285714285714285
空座位:(2,7):0.475
空座位:(5,2):0.3678571428571429
空座位:(5,7):0.475
空座位:(6,1):0.6178571428571429
空座位:(6,2):0.6178571428571429
空座位:(6,3):0.6178571428571429
空座位:(6,7):0.725
[提示]钟元彪的需求Instance of 'AbsoluteDemand'已被满足
[提示]钟元彪的需求Instance of 'AbsoluteDemand'已被满足
[提示]钟元彪的需求Instance of 'RelativeDemandWithSemiConfirm'已被满足
[提示]钟元彪的需求Instance of 'RelativeDemandWithSemiConfirm'已被满足
[提示]钟元彪的需求Instance of 'RelativeDemandWithSemiConfirm'已被满足
[提示]钟元彪的需求Instance of 'AbsoluteDemand'已被满足
[提示]钟元彪的需求Instance of 'AbsoluteDemand'已被满足
[提示]钟元彪的需求Instance of 'AbsoluteDemand'已被满足
[提示]钟元彪选定的位置不满足Instance of 'RelativeDemandWithSemiConfirm'（监听对象还未确定位置），拒绝接受座位
[提示]钟元彪选择的座位被Instance of 'RelativeDemandWithSemiConfirm'拒绝
钟元彪 暂时不想决定座位
钟元彪现在的压力值为2
[提示]冉懋鑫的需求Instance of 'AbsoluteDemand'已被满足
[提示]冉懋鑫的需求Instance of 'AbsoluteDemand'已被满足
[提示]冉懋鑫的需求Instance of 'RelativeDemandWithSemiConfirm'未被满足
[提示]冉懋鑫的需求Instance of 'AbsoluteDemand'已被满足
[提示]冉懋鑫的需求Instance of 'AbsoluteDemand'已被满足
[提示]冉懋鑫的需求Instance of 'AbsoluteDemand'已被满足
[提示]冉懋鑫的需求Instance of 'AbsoluteDemand'已被满足
[提示]冉懋鑫的需求Instance of 'RelativeDemandWithSemiConfirm'已被满足
冉懋鑫 选定了座位：空座位:(1,1)
[提示]第1次update所有人
第31次尝试找人安排座位
当前热图:
空座位:(1,3):0.2777777777777778
空座位:(1,7):0.375
空座位:(2,1):0.2777777777777778
空座位:(2,7):0.4861111111111111
空座位:(5,2):0.4027777777777778
空座位:(5,7):0.4861111111111111
空座位:(6,1):0.6527777777777778
空座位:(6,2):0.6527777777777778
空座位:(6,3):0.6527777777777778
空座位:(6,7):0.7361111111111112
[提示]曾可的需求Instance of 'AbsoluteDemand'已被满足
[提示]曾可的需求Instance of 'RelativeDemandWithSemiConfirm'已被满足
[提示]曾可选定的位置不满足Instance of 'RelativeDemandWithSemiConfirm'（监听对象还未确定位置），拒绝接受座位
[提示]曾可选择的座位被Instance of 'RelativeDemandWithSemiConfirm'拒绝
曾可 暂时不想决定座位
曾可现在的压力值为2
[提示]阮丽颖的需求Instance of 'AbsoluteDemand'已被满足
[提示]阮丽颖的需求Instance of 'RelativeDemandWithSemiConfirm'已被满足
阮丽颖 选定了座位：空座位:(2,1)
[提示]朱志涛的相对需求Instance of 'RelativeDemandWithSemiConfirm'的目标个体已确定座位，监听响应
[提示]第1次update所有人
第32次尝试找人安排座位
当前热图:
空座位:(1,3):0.325
空座位:(1,7):0.375
空座位:(2,7):0.5
空座位:(5,2):0.45
空座位:(5,7):0.5
空座位:(6,1):0.7
空座位:(6,2):0.7
空座位:(6,3):0.7
空座位:(6,7):0.75
[提示]朱志涛的需求Instance of 'AbsoluteDemand'已被满足
[提示]朱志涛的需求Instance of 'AbsoluteDemand'已被满足
[提示]朱志涛的需求Instance of 'RelativeDemandWithSemiConfirm'已被满足
朱志涛 选定了座位：空座位:(1,3)
[提示]王元元的相对需求Instance of 'RelativeDemandWithSemiConfirm'的目标个体已确定座位，监听响应
[提示]第1次update所有人
第33次尝试找人安排座位
当前热图:
空座位:(1,7):0.375
空座位:(2,7):0.5178571428571428
空座位:(5,2):0.5178571428571428
空座位:(5,7):0.5178571428571428
空座位:(6,1):0.7678571428571428
空座位:(6,2):0.7678571428571428
空座位:(6,3):0.7678571428571428
空座位:(6,7):0.7678571428571428
[提示]王枫睿选定的位置不满足Instance of 'RelativeDemandWithSemiConfirm'（监听对象还未确定位置），拒绝接受座位
[提示]王枫睿选择的座位被Instance of 'RelativeDemandWithSemiConfirm'拒绝
王枫睿 暂时不想决定座位
王枫睿现在的压力值为2
[提示]曾可的需求Instance of 'AbsoluteDemand'已被满足
[提示]曾可的需求Instance of 'RelativeDemandWithSemiConfirm'已被满足
[提示]曾可选定的位置不满足Instance of 'RelativeDemandWithSemiConfirm'（监听对象还未确定位置），拒绝接受座位
[提示]曾可选择的座位被Instance of 'RelativeDemandWithSemiConfirm'拒绝
曾可 暂时不想决定座位
曾可现在的压力值为3
[提示]钟元彪的需求Instance of 'AbsoluteDemand'已被满足
[提示]钟元彪的需求Instance of 'AbsoluteDemand'已被满足
[提示]钟元彪的需求Instance of 'RelativeDemandWithSemiConfirm'已被满足
[提示]钟元彪的需求Instance of 'RelativeDemandWithSemiConfirm'已被满足
[提示]钟元彪的需求Instance of 'RelativeDemandWithSemiConfirm'已被满足
[提示]钟元彪的需求Instance of 'AbsoluteDemand'已被满足
[提示]钟元彪的需求Instance of 'AbsoluteDemand'已被满足
[提示]钟元彪的需求Instance of 'AbsoluteDemand'已被满足
[提示]钟元彪选定的位置不满足Instance of 'RelativeDemandWithSemiConfirm'（监听对象还未确定位置），拒绝接受座位
[提示]钟元彪选择的座位被Instance of 'RelativeDemandWithSemiConfirm'拒绝
钟元彪 暂时不想决定座位
钟元彪现在的压力值为3
[提示]王铭晟的需求Instance of 'AbsoluteDemand'未被满足
[提示]王铭晟的需求Instance of 'RelativeDemandWithSemiConfirm'已被满足
[提示]王铭晟的需求Instance of 'AbsoluteDemand'已被满足
[提示]王铭晟的需求Instance of 'AbsoluteDemand'已被满足
[提示]王铭晟选定的位置不满足Instance of 'RelativeDemandWithSemiConfirm'（监听对象还未确定位置），拒绝接受座位
[提示]王铭晟选择的座位被Instance of 'RelativeDemandWithSemiConfirm'拒绝
王铭晟 暂时不想决定座位
王铭晟现在的压力值为4
[提示]覃莹的需求Instance of 'AbsoluteDemand'已被满足
[提示]覃莹选定的位置不满足Instance of 'RelativeDemandWithSemiConfirm'（监听对象还未确定位置），拒绝接受座位
[提示]覃莹选择的座位被Instance of 'RelativeDemandWithSemiConfirm'拒绝
覃莹 暂时不想决定座位
覃莹现在的压力值为4
[提示]游欣的需求Instance of 'AbsoluteDemand'已被满足
[提示]游欣的需求Instance of 'AbsoluteDemand'已被满足
[提示]游欣的需求Instance of 'AbsoluteDemand'已被满足
[提示]游欣的需求Instance of 'AbsoluteDemand'已被满足
[提示]游欣的需求Instance of 'AbsoluteDemand'已被满足
[提示]游欣的需求Instance of 'AbsoluteDemand'已被满足
[提示]游欣的需求Instance of 'RelativeDemandWithSemiConfirm'未被满足
[提示]游欣的需求Instance of 'AbsoluteDemand'已被满足
[提示]游欣的需求Instance of 'AbsoluteDemand'已被满足
游欣 选定了座位：空座位:(5,2)
[提示]第1次update所有人
第34次尝试找人安排座位
当前热图:
空座位:(1,7):0.39285714285714285
空座位:(2,7):0.5595238095238095
空座位:(5,7):0.5595238095238095
空座位:(6,1):0.5595238095238095
空座位:(6,2):0.5595238095238095
空座位:(6,3):0.5595238095238095
空座位:(6,7):0.8095238095238095
[提示]王枫睿选定的位置不满足Instance of 'RelativeDemandWithSemiConfirm'（监听对象还未确定位置），拒绝接受座位
[提示]王枫睿选择的座位被Instance of 'RelativeDemandWithSemiConfirm'拒绝
王枫睿 暂时不想决定座位
王枫睿现在的压力值为3
[提示]曾可的需求Instance of 'AbsoluteDemand'已被满足
[提示]曾可的需求Instance of 'RelativeDemandWithSemiConfirm'已被满足
[提示]曾可选定的位置不满足Instance of 'RelativeDemandWithSemiConfirm'（监听对象还未确定位置），拒绝接受座位
[提示]曾可选择的座位被Instance of 'RelativeDemandWithSemiConfirm'拒绝
曾可 暂时不想决定座位
曾可现在的压力值为4
[提示]钟元彪的需求Instance of 'AbsoluteDemand'已被满足
[提示]钟元彪的需求Instance of 'AbsoluteDemand'已被满足
[提示]钟元彪的需求Instance of 'RelativeDemandWithSemiConfirm'已被满足
[提示]钟元彪的需求Instance of 'RelativeDemandWithSemiConfirm'已被满足
[提示]钟元彪的需求Instance of 'RelativeDemandWithSemiConfirm'已被满足
[提示]钟元彪的需求Instance of 'AbsoluteDemand'已被满足
[提示]钟元彪的需求Instance of 'AbsoluteDemand'已被满足
[提示]钟元彪的需求Instance of 'AbsoluteDemand'已被满足
[提示]钟元彪选定的位置不满足Instance of 'RelativeDemandWithSemiConfirm'（监听对象还未确定位置），拒绝接受座位
[提示]钟元彪选择的座位被Instance of 'RelativeDemandWithSemiConfirm'拒绝
钟元彪 暂时不想决定座位
钟元彪现在的压力值为4
[提示]王铭晟的需求Instance of 'AbsoluteDemand'未被满足
[提示]王铭晟的需求Instance of 'RelativeDemandWithSemiConfirm'已被满足
[提示]王铭晟的需求Instance of 'AbsoluteDemand'已被满足
[提示]王铭晟的需求Instance of 'AbsoluteDemand'已被满足
[提示]王铭晟选定的位置不满足Instance of 'RelativeDemandWithSemiConfirm'（监听对象还未确定位置），拒绝接受座位
[提示]王铭晟选择的座位被Instance of 'RelativeDemandWithSemiConfirm'拒绝
王铭晟 暂时不想决定座位
王铭晟现在的压力值为5
[提示]覃莹的需求Instance of 'AbsoluteDemand'已被满足
[提示]覃莹选定的位置不满足Instance of 'RelativeDemandWithSemiConfirm'（监听对象还未确定位置），拒绝接受座位
[提示]覃莹选择的座位被Instance of 'RelativeDemandWithSemiConfirm'拒绝
覃莹 暂时不想决定座位
覃莹现在的压力值为5
[提示]林子越选定的位置本不满足Instance of 'RelativeDemandWithSemiConfirm'（监听对象还未确定位置），但迫于压力林子越只能先选择座位Closure: ({required Seat filteringSeat, required Seat relativeSeat, required Room room}) => bool
[提示]林子越的需求Instance of 'RelativeDemandWithSemiConfirm'已被满足
[提示]林子越选定的位置本不满足Instance of 'RelativeDemandWithSemiConfirm'（监听对象还未确定位置），但迫于压力林子越只能先选择座位Closure: ({required Seat filteringSeat, required Seat relativeSeat, required Room room}) => bool
[提示]林子越的需求Instance of 'RelativeDemandWithSemiConfirm'已被满足
[提示]林子越的需求Instance of 'AbsoluteDemand'已被满足
[提示]林子越的需求Instance of 'AbsoluteDemand'已被满足
林子越 选定了座位：空座位:(1,7)
[提示]王枫睿的相对需求Instance of 'RelativeDemandWithSemiConfirm'的目标个体已确定座位，监听响应
[提示]覃莹的相对需求Instance of 'RelativeDemandWithSemiConfirm'的目标个体已确定座位，监听响应
[提示]王元元的相对需求Instance of 'RelativeDemandWithSemiConfirm'的目标个体已确定座位，监听响应
[提示]第1次update所有人
第35次尝试找人安排座位
当前热图:
空座位:(2,7):0.3333333333333333
空座位:(5,7):0.5333333333333333
空座位:(6,1):0.7833333333333333
空座位:(6,2):0.7833333333333333
空座位:(6,3):0.7833333333333333
空座位:(6,7):0.7833333333333333
[提示]王枫睿的需求Instance of 'RelativeDemandWithSemiConfirm'已被满足
王枫睿 选定了座位：空座位:(5,7)
[提示]第1次update所有人
第36次尝试找人安排座位
当前热图:
空座位:(2,7):0.4
空座位:(6,1):0.65
空座位:(6,2):0.65
空座位:(6,3):0.65
空座位:(6,7):0.65
[提示]曾可的需求Instance of 'AbsoluteDemand'已被满足
[提示]曾可的需求Instance of 'RelativeDemandWithSemiConfirm'已被满足
[提示]曾可选定的位置不满足Instance of 'RelativeDemandWithSemiConfirm'（监听对象还未确定位置），拒绝接受座位
[提示]曾可选择的座位被Instance of 'RelativeDemandWithSemiConfirm'拒绝
曾可 暂时不想决定座位
曾可现在的压力值为5
[提示]钟元彪的需求Instance of 'AbsoluteDemand'已被满足
[提示]钟元彪的需求Instance of 'AbsoluteDemand'已被满足
[提示]钟元彪的需求Instance of 'RelativeDemandWithSemiConfirm'已被满足
[提示]钟元彪的需求Instance of 'RelativeDemandWithSemiConfirm'已被满足
[提示]钟元彪的需求Instance of 'RelativeDemandWithSemiConfirm'已被满足
[提示]钟元彪的需求Instance of 'AbsoluteDemand'已被满足
[提示]钟元彪的需求Instance of 'AbsoluteDemand'已被满足
[提示]钟元彪的需求Instance of 'AbsoluteDemand'已被满足
[提示]钟元彪选定的位置不满足Instance of 'RelativeDemandWithSemiConfirm'（监听对象还未确定位置），拒绝接受座位
[提示]钟元彪选择的座位被Instance of 'RelativeDemandWithSemiConfirm'拒绝
钟元彪 暂时不想决定座位
钟元彪现在的压力值为5
[提示]王元元的需求Instance of 'AbsoluteDemand'已被满足
[提示]王元元的需求Instance of 'RelativeDemandWithSemiConfirm'已被满足
[提示]王元元的需求Instance of 'AbsoluteDemand'已被满足
[提示]王元元的需求Instance of 'AbsoluteDemand'已被满足
[提示]王元元的需求Instance of 'RelativeDemandWithSemiConfirm'已被满足
[提示]王元元的需求Instance of 'AbsoluteDemand'已被满足
[提示]王元元的需求Instance of 'RelativeDemandWithSemiConfirm'未被满足
[提示]王元元的需求Instance of 'RelativeDemandWithSemiConfirm'已被满足
王元元 选定了座位：空座位:(6,2)
[提示]第1次update所有人
第37次尝试找人安排座位
当前热图:
空座位:(2,7):0.5
空座位:(6,1):0.5
空座位:(6,3):0.5
空座位:(6,7):0.5
[提示]曾可的需求Instance of 'AbsoluteDemand'已被满足
[提示]曾可的需求Instance of 'RelativeDemandWithSemiConfirm'已被满足
[提示]曾可选定的位置本不满足Instance of 'RelativeDemandWithSemiConfirm'（监听对象还未确定位置），但迫于压力曾可只能先选择座位Closure: ({required Seat filteringSeat, required Seat relativeSeat, required Room room}) => bool
[提示]曾可的需求Instance of 'RelativeDemandWithSemiConfirm'已被满足
曾可 选定了座位：空座位:(6,1)
[提示]第1次update所有人
第38次尝试找人安排座位
当前热图:
空座位:(2,7):0.6666666666666666
空座位:(6,3):0.6666666666666666
空座位:(6,7):0.6666666666666666
[提示]钟元彪的需求Instance of 'AbsoluteDemand'已被满足
[提示]钟元彪的需求Instance of 'AbsoluteDemand'已被满足
[提示]钟元彪的需求Instance of 'RelativeDemandWithSemiConfirm'已被满足
[提示]钟元彪的需求Instance of 'RelativeDemandWithSemiConfirm'已被满足
[提示]钟元彪的需求Instance of 'RelativeDemandWithSemiConfirm'已被满足
[提示]钟元彪的需求Instance of 'AbsoluteDemand'已被满足
[提示]钟元彪的需求Instance of 'AbsoluteDemand'已被满足
[提示]钟元彪的需求Instance of 'AbsoluteDemand'已被满足
[提示]钟元彪选定的位置本不满足Instance of 'RelativeDemandWithSemiConfirm'（监听对象还未确定位置），但迫于压力钟元彪只能先选择座位Closure: ({required Seat filteringSeat, required Seat relativeSeat, required Room room}) => bool
[提示]钟元彪的需求Instance of 'RelativeDemandWithSemiConfirm'已被满足
钟元彪 选定了座位：空座位:(2,7)
[提示]王铭晟的相对需求Instance of 'RelativeDemandWithSemiConfirm'的目标个体已确定座位，监听响应
[提示]第1次update所有人
第39次尝试找人安排座位
当前热图:
空座位:(6,3):1.0
空座位:(6,7):1.0
[提示]王铭晟的需求Instance of 'AbsoluteDemand'未被满足
[提示]王铭晟的需求Instance of 'RelativeDemandWithSemiConfirm'已被满足
[提示]王铭晟的需求Instance of 'AbsoluteDemand'已被满足
[提示]王铭晟的需求Instance of 'AbsoluteDemand'已被满足
[提示]王铭晟的需求Instance of 'RelativeDemandWithSemiConfirm'已被满足
[提示]王铭晟的需求Instance of 'AbsoluteDemand'已被满足
[提示]王铭晟的需求Instance of 'AbsoluteDemand'已被满足
[提示]王铭晟的需求Instance of 'AbsoluteDemand'已被满足
[提示]王铭晟的需求Instance of 'AbsoluteDemand'已被满足
王铭晟 选定了座位：空座位:(6,7)
[提示]第1次update所有人
第40次尝试找人安排座位
当前热图:
空座位:(6,3):1.0
[提示]覃莹的需求Instance of 'AbsoluteDemand'已被满足
[提示]覃莹的需求Instance of 'RelativeDemandWithSemiConfirm'已被满足
[提示]覃莹的需求Instance of 'AbsoluteDemand'已被满足
[提示]覃莹的需求Instance of 'RelativeDemandWithSemiConfirm'已被满足
[提示]覃莹选定的位置本不满足Instance of 'RelativeDemandWithSemiConfirm'（监听对象还未确定位置），但迫于压力覃莹只能先选择座位Closure: ({required Seat filteringSeat, required Seat relativeSeat, required Room room}) => bool
[提示]覃莹的需求Instance of 'RelativeDemandWithSemiConfirm'已被满足
[提示]覃莹的需求Instance of 'AbsoluteDemand'已被满足
[提示]覃莹的需求Instance of 'RelativeDemandWithSemiConfirm'已被满足
[提示]覃莹的需求Instance of 'RelativeDemandWithSemiConfirm'已被满足
[提示]覃莹的需求Instance of 'AbsoluteDemand'已被满足
覃莹 选定了座位：空座位:(6,3)
[提示]第1次update所有人
座位编排完成，终止程序
