[提示]初始化...
[提示]第1次update所有人
第1次尝试找人安排座位
当前热图:
空座位:(4,5):1.0
空座位:(6,4):2.0
[提示]秦浩朗的需求Instance of 'AbsoluteDemand'已被满足
[提示]秦浩朗的需求Instance of 'AbsoluteDemand'已被满足
[提示]秦浩朗的需求Instance of 'AbsoluteDemand'已被满足
秦浩朗 选定了座位：空座位:(4,5)
[提示]郑泽铭的相对需求Instance of 'RelativeDemand'的目标个体已确定座位，监听响应
[提示]第1次update所有人
第2次尝试找人安排座位
当前热图:
空座位:(3,5):0.5
空座位:(5,5):0.5
空座位:(6,4):2.0
[提示]曹柏圳的需求Instance of 'AbsoluteDemand'已被满足
[提示]曹柏圳的需求Instance of 'AbsoluteDemand'已被满足
[提示]曹柏圳的需求Instance of 'AbsoluteDemand'已被满足
曹柏圳 选定了座位：空座位:(6,4)
[提示]第1次update所有人
第3次尝试找人安排座位
当前热图:
空座位:(3,5):0.5
空座位:(5,5):0.5
[提示]文泽豪的需求Instance of 'AbsoluteDemand'未被满足
[提示]文泽豪的需求Instance of 'AbsoluteDemand'未被满足
[提示]文泽豪的需求Instance of 'AbsoluteDemand'未被满足
[提示]文泽豪的需求Instance of 'AbsoluteDemand'未被满足
文泽豪 选定了座位：曹柏圳:(6,4)
[提示]第1次update所有人
第4次尝试找人安排座位
当前热图:
空座位:(3,5):0.5
空座位:(5,5):0.5
[提示]郑泽铭的需求Instance of 'RelativeDemand'已被满足
郑泽铭 选定了座位：空座位:(5,5)
[提示]单思远的相对需求Instance of 'RelativeDemand'的目标个体已确定座位，监听响应
[提示]第1次update所有人
第5次尝试找人安排座位
当前热图:
空座位:(3,5):0.1111111111111111
空座位:(4,4):0.1111111111111111
空座位:(4,6):0.1111111111111111
空座位:(5,3):0.1111111111111111
空座位:(5,4):0.1111111111111111
空座位:(5,6):0.1111111111111111
空座位:(5,7):0.1111111111111111
空座位:(6,5):0.1111111111111111
空座位:(6,6):0.1111111111111111
[提示]单思远的需求Instance of 'RelativeDemand'已被满足
单思远 选定了座位：空座位:(5,6)
[提示]第1次update所有人
第6次尝试找人安排座位
当前热图:

[提示]孙江坤的需求Instance of 'AbsoluteDemand'已被满足
[提示]孙江坤选定的位置不满足Instance of 'RelativeDemand'（监听对象还未确定位置），拒绝接受座位
[提示]孙江坤选择的座位被Instance of 'RelativeDemand'拒绝
孙江坤 暂时不想决定座位
孙江坤现在的压力值为1
朱志涛 选定了座位：空座位:(2,4)
[提示]第1次update所有人
第7次尝试找人安排座位
当前热图:

[提示]孙江坤的需求Instance of 'AbsoluteDemand'已被满足
[提示]孙江坤选定的位置不满足Instance of 'RelativeDemand'（监听对象还未确定位置），拒绝接受座位
[提示]孙江坤选择的座位被Instance of 'RelativeDemand'拒绝
孙江坤 暂时不想决定座位
孙江坤现在的压力值为2
林子越 选定了座位：空座位:(6,5)
[提示]第1次update所有人
第8次尝试找人安排座位
当前热图:

[提示]孙江坤的需求Instance of 'AbsoluteDemand'已被满足
[提示]孙江坤选定的位置不满足Instance of 'RelativeDemand'（监听对象还未确定位置），拒绝接受座位
[提示]孙江坤选择的座位被Instance of 'RelativeDemand'拒绝
孙江坤 暂时不想决定座位
孙江坤现在的压力值为3
陈霞 选定了座位：空座位:(5,4)
[提示]第1次update所有人
第9次尝试找人安排座位
当前热图:

[提示]孙江坤的需求Instance of 'AbsoluteDemand'已被满足
[提示]孙江坤选定的位置不满足Instance of 'RelativeDemand'（监听对象还未确定位置），拒绝接受座位
[提示]孙江坤选择的座位被Instance of 'RelativeDemand'拒绝
孙江坤 暂时不想决定座位
孙江坤现在的压力值为4
罗云媛 选定了座位：空座位:(6,7)
[提示]第1次update所有人
第10次尝试找人安排座位
当前热图:

房莉婷 选定了座位：空座位:(1,1)
[提示]第1次update所有人
第11次尝试找人安排座位
当前热图:

王枫睿 选定了座位：空座位:(4,3)
[提示]第1次update所有人
第12次尝试找人安排座位
当前热图:

韩凤阁 选定了座位：空座位:(5,3)
[提示]第1次update所有人
第13次尝试找人安排座位
当前热图:

古恩宇 选定了座位：空座位:(1,7)
[提示]孙江坤的相对需求Instance of 'RelativeDemand'的目标个体已确定座位，监听响应
[提示]第1次update所有人
第14次尝试找人安排座位
当前热图:
空座位:(2,7):1.0
[提示]孙江坤的需求Instance of 'AbsoluteDemand'已被满足
[提示]孙江坤的需求Instance of 'RelativeDemand'已被满足
孙江坤 选定了座位：空座位:(2,7)
[提示]第1次update所有人
第15次尝试找人安排座位
当前热图:

李金言 选定了座位：空座位:(2,3)
[提示]第1次update所有人
第16次尝试找人安排座位
当前热图:

利宇涛 选定了座位：空座位:(4,4)
[提示]第1次update所有人
第17次尝试找人安排座位
当前热图:

陈维钧 选定了座位：空座位:(5,7)
[提示]第1次update所有人
第18次尝试找人安排座位
当前热图:

游欣 选定了座位：空座位:(3,3)
[提示]第1次update所有人
第19次尝试找人安排座位
当前热图:

尤静宜 选定了座位：空座位:(4,1)
[提示]第1次update所有人
第20次尝试找人安排座位
当前热图:

黄嘉如 选定了座位：空座位:(2,1)
[提示]第1次update所有人
第21次尝试找人安排座位
当前热图:

覃莹 选定了座位：空座位:(3,2)
[提示]第1次update所有人
第22次尝试找人安排座位
当前热图:

阮丽颖 选定了座位：空座位:(1,4)
[提示]第1次update所有人
第23次尝试找人安排座位
当前热图:

冼郸 选定了座位：空座位:(6,2)
[提示]第1次update所有人
第24次尝试找人安排座位
当前热图:

周奥灵 选定了座位：空座位:(6,1)
[提示]第1次update所有人
第25次尝试找人安排座位
当前热图:

李锐涛 选定了座位：空座位:(3,6)
[提示]第1次update所有人
第26次尝试找人安排座位
当前热图:

谢谦益 选定了座位：空座位:(3,4)
[提示]第1次update所有人
第27次尝试找人安排座位
当前热图:

王元元 选定了座位：空座位:(4,6)
[提示]第1次update所有人
第28次尝试找人安排座位
当前热图:

张宝怡 选定了座位：空座位:(5,1)
[提示]第1次update所有人
第29次尝试找人安排座位
当前热图:

陈子伶 选定了座位：空座位:(6,3)
[提示]第1次update所有人
第30次尝试找人安排座位
当前热图:

冉懋鑫 选定了座位：空座位:(5,2)
[提示]第1次update所有人
第31次尝试找人安排座位
当前热图:

段星同 选定了座位：空座位:(2,6)
[提示]第1次update所有人
第32次尝试找人安排座位
当前热图:

曾可 选定了座位：空座位:(3,1)
[提示]第1次update所有人
第33次尝试找人安排座位
当前热图:

王铭晟 选定了座位：空座位:(1,2)
[提示]第1次update所有人
第34次尝试找人安排座位
当前热图:

邱建华 选定了座位：空座位:(3,5)
[提示]第1次update所有人
第35次尝试找人安排座位
当前热图:

周晗 选定了座位：空座位:(2,5)
[提示]第1次update所有人
第36次尝试找人安排座位
当前热图:

雷利 选定了座位：空座位:(1,6)
[提示]第1次update所有人
第37次尝试找人安排座位
当前热图:

田敏德 选定了座位：空座位:(1,3)
[提示]第1次update所有人
第38次尝试找人安排座位
当前热图:

古兆康 选定了座位：空座位:(1,5)
[提示]第1次update所有人
第39次尝试找人安排座位
当前热图:

钟元彪 选定了座位：空座位:(2,2)
[提示]第1次update所有人
第40次尝试找人安排座位
当前热图:

谭旭君 选定了座位：空座位:(4,2)
[提示]第1次update所有人
座位编排完成，终止程序
